versions pytest-7.1.3, python-3.10.6.final.0
cwd=/home/sven/Repos/dali_usb_lpc1114/tests
args=('scripts/', '--debug', '-k', 'test_more_legal_timings')

  pytest_cmdline_main [hook]
      config: <_pytest.config.Config object at 0x7fc99f29c1c0>
    pytest_plugin_registered [hook]
        plugin: <Session tests exitstatus='<UNSET>' testsfailed=0 testscollected=0>
        manager: <_pytest.config.PytestPluginManager object at 0x7fc99fa04880>
    finish pytest_plugin_registered --> [] [hook]
    pytest_configure [hook]
        config: <_pytest.config.Config object at 0x7fc99f29c1c0>
      pytest_plugin_registered [hook]
          plugin: <_pytest.cacheprovider.LFPlugin object at 0x7fc99f182080>
          manager: <_pytest.config.PytestPluginManager object at 0x7fc99fa04880>
      finish pytest_plugin_registered --> [] [hook]
      pytest_plugin_registered [hook]
          plugin: <_pytest.cacheprovider.NFPlugin object at 0x7fc99f182260>
          manager: <_pytest.config.PytestPluginManager object at 0x7fc99fa04880>
      finish pytest_plugin_registered --> [] [hook]
    early skip of rewriting module: faulthandler [assertion]
      pytest_plugin_registered [hook]
          plugin: <class '_pytest.legacypath.LegacyTmpdirPlugin'>
          manager: <_pytest.config.PytestPluginManager object at 0x7fc99fa04880>
      finish pytest_plugin_registered --> [] [hook]
    early skip of rewriting module: pdb [assertion]
    early skip of rewriting module: cmd [assertion]
    early skip of rewriting module: code [assertion]
    early skip of rewriting module: codeop [assertion]
      pytest_plugin_registered [hook]
          plugin: <_pytest.config.PytestPluginManager object at 0x7fc99fa04880>
          manager: <_pytest.config.PytestPluginManager object at 0x7fc99fa04880>
      finish pytest_plugin_registered --> [] [hook]
      pytest_plugin_registered [hook]
          plugin: <_pytest.config.Config object at 0x7fc99f29c1c0>
          manager: <_pytest.config.PytestPluginManager object at 0x7fc99fa04880>
      finish pytest_plugin_registered --> [] [hook]
      pytest_plugin_registered [hook]
          plugin: <module '_pytest.mark' from '/home/sven/Repos/dali_usb_lpc1114/tests/venv/lib/python3.10/site-packages/_pytest/mark/__init__.py'>
          manager: <_pytest.config.PytestPluginManager object at 0x7fc99fa04880>
      finish pytest_plugin_registered --> [] [hook]
      pytest_plugin_registered [hook]
          plugin: <module '_pytest.main' from '/home/sven/Repos/dali_usb_lpc1114/tests/venv/lib/python3.10/site-packages/_pytest/main.py'>
          manager: <_pytest.config.PytestPluginManager object at 0x7fc99fa04880>
      finish pytest_plugin_registered --> [] [hook]
      pytest_plugin_registered [hook]
          plugin: <module '_pytest.runner' from '/home/sven/Repos/dali_usb_lpc1114/tests/venv/lib/python3.10/site-packages/_pytest/runner.py'>
          manager: <_pytest.config.PytestPluginManager object at 0x7fc99fa04880>
      finish pytest_plugin_registered --> [] [hook]
      pytest_plugin_registered [hook]
          plugin: <module '_pytest.fixtures' from '/home/sven/Repos/dali_usb_lpc1114/tests/venv/lib/python3.10/site-packages/_pytest/fixtures.py'>
          manager: <_pytest.config.PytestPluginManager object at 0x7fc99fa04880>
      finish pytest_plugin_registered --> [] [hook]
      pytest_plugin_registered [hook]
          plugin: <module '_pytest.helpconfig' from '/home/sven/Repos/dali_usb_lpc1114/tests/venv/lib/python3.10/site-packages/_pytest/helpconfig.py'>
          manager: <_pytest.config.PytestPluginManager object at 0x7fc99fa04880>
      finish pytest_plugin_registered --> [] [hook]
      pytest_plugin_registered [hook]
          plugin: <module '_pytest.python' from '/home/sven/Repos/dali_usb_lpc1114/tests/venv/lib/python3.10/site-packages/_pytest/python.py'>
          manager: <_pytest.config.PytestPluginManager object at 0x7fc99fa04880>
      finish pytest_plugin_registered --> [] [hook]
      pytest_plugin_registered [hook]
          plugin: <module '_pytest.terminal' from '/home/sven/Repos/dali_usb_lpc1114/tests/venv/lib/python3.10/site-packages/_pytest/terminal.py'>
          manager: <_pytest.config.PytestPluginManager object at 0x7fc99fa04880>
      finish pytest_plugin_registered --> [] [hook]
      pytest_plugin_registered [hook]
          plugin: <module '_pytest.debugging' from '/home/sven/Repos/dali_usb_lpc1114/tests/venv/lib/python3.10/site-packages/_pytest/debugging.py'>
          manager: <_pytest.config.PytestPluginManager object at 0x7fc99fa04880>
      finish pytest_plugin_registered --> [] [hook]
      pytest_plugin_registered [hook]
          plugin: <module '_pytest.unittest' from '/home/sven/Repos/dali_usb_lpc1114/tests/venv/lib/python3.10/site-packages/_pytest/unittest.py'>
          manager: <_pytest.config.PytestPluginManager object at 0x7fc99fa04880>
      finish pytest_plugin_registered --> [] [hook]
      pytest_plugin_registered [hook]
          plugin: <module '_pytest.capture' from '/home/sven/Repos/dali_usb_lpc1114/tests/venv/lib/python3.10/site-packages/_pytest/capture.py'>
          manager: <_pytest.config.PytestPluginManager object at 0x7fc99fa04880>
      finish pytest_plugin_registered --> [] [hook]
      pytest_plugin_registered [hook]
          plugin: <module '_pytest.skipping' from '/home/sven/Repos/dali_usb_lpc1114/tests/venv/lib/python3.10/site-packages/_pytest/skipping.py'>
          manager: <_pytest.config.PytestPluginManager object at 0x7fc99fa04880>
      finish pytest_plugin_registered --> [] [hook]
      pytest_plugin_registered [hook]
          plugin: <module '_pytest.legacypath' from '/home/sven/Repos/dali_usb_lpc1114/tests/venv/lib/python3.10/site-packages/_pytest/legacypath.py'>
          manager: <_pytest.config.PytestPluginManager object at 0x7fc99fa04880>
      finish pytest_plugin_registered --> [] [hook]
      pytest_plugin_registered [hook]
          plugin: <module '_pytest.tmpdir' from '/home/sven/Repos/dali_usb_lpc1114/tests/venv/lib/python3.10/site-packages/_pytest/tmpdir.py'>
          manager: <_pytest.config.PytestPluginManager object at 0x7fc99fa04880>
      finish pytest_plugin_registered --> [] [hook]
      pytest_plugin_registered [hook]
          plugin: <module '_pytest.monkeypatch' from '/home/sven/Repos/dali_usb_lpc1114/tests/venv/lib/python3.10/site-packages/_pytest/monkeypatch.py'>
          manager: <_pytest.config.PytestPluginManager object at 0x7fc99fa04880>
      finish pytest_plugin_registered --> [] [hook]
      pytest_plugin_registered [hook]
          plugin: <module '_pytest.recwarn' from '/home/sven/Repos/dali_usb_lpc1114/tests/venv/lib/python3.10/site-packages/_pytest/recwarn.py'>
          manager: <_pytest.config.PytestPluginManager object at 0x7fc99fa04880>
      finish pytest_plugin_registered --> [] [hook]
      pytest_plugin_registered [hook]
          plugin: <module '_pytest.pastebin' from '/home/sven/Repos/dali_usb_lpc1114/tests/venv/lib/python3.10/site-packages/_pytest/pastebin.py'>
          manager: <_pytest.config.PytestPluginManager object at 0x7fc99fa04880>
      finish pytest_plugin_registered --> [] [hook]
      pytest_plugin_registered [hook]
          plugin: <module '_pytest.nose' from '/home/sven/Repos/dali_usb_lpc1114/tests/venv/lib/python3.10/site-packages/_pytest/nose.py'>
          manager: <_pytest.config.PytestPluginManager object at 0x7fc99fa04880>
      finish pytest_plugin_registered --> [] [hook]
      pytest_plugin_registered [hook]
          plugin: <module '_pytest.assertion' from '/home/sven/Repos/dali_usb_lpc1114/tests/venv/lib/python3.10/site-packages/_pytest/assertion/__init__.py'>
          manager: <_pytest.config.PytestPluginManager object at 0x7fc99fa04880>
      finish pytest_plugin_registered --> [] [hook]
      pytest_plugin_registered [hook]
          plugin: <module '_pytest.junitxml' from '/home/sven/Repos/dali_usb_lpc1114/tests/venv/lib/python3.10/site-packages/_pytest/junitxml.py'>
          manager: <_pytest.config.PytestPluginManager object at 0x7fc99fa04880>
      finish pytest_plugin_registered --> [] [hook]
      pytest_plugin_registered [hook]
          plugin: <module '_pytest.doctest' from '/home/sven/Repos/dali_usb_lpc1114/tests/venv/lib/python3.10/site-packages/_pytest/doctest.py'>
          manager: <_pytest.config.PytestPluginManager object at 0x7fc99fa04880>
      finish pytest_plugin_registered --> [] [hook]
      pytest_plugin_registered [hook]
          plugin: <module '_pytest.cacheprovider' from '/home/sven/Repos/dali_usb_lpc1114/tests/venv/lib/python3.10/site-packages/_pytest/cacheprovider.py'>
          manager: <_pytest.config.PytestPluginManager object at 0x7fc99fa04880>
      finish pytest_plugin_registered --> [] [hook]
      pytest_plugin_registered [hook]
          plugin: <module '_pytest.freeze_support' from '/home/sven/Repos/dali_usb_lpc1114/tests/venv/lib/python3.10/site-packages/_pytest/freeze_support.py'>
          manager: <_pytest.config.PytestPluginManager object at 0x7fc99fa04880>
      finish pytest_plugin_registered --> [] [hook]
      pytest_plugin_registered [hook]
          plugin: <module '_pytest.setuponly' from '/home/sven/Repos/dali_usb_lpc1114/tests/venv/lib/python3.10/site-packages/_pytest/setuponly.py'>
          manager: <_pytest.config.PytestPluginManager object at 0x7fc99fa04880>
      finish pytest_plugin_registered --> [] [hook]
      pytest_plugin_registered [hook]
          plugin: <module '_pytest.setupplan' from '/home/sven/Repos/dali_usb_lpc1114/tests/venv/lib/python3.10/site-packages/_pytest/setupplan.py'>
          manager: <_pytest.config.PytestPluginManager object at 0x7fc99fa04880>
      finish pytest_plugin_registered --> [] [hook]
      pytest_plugin_registered [hook]
          plugin: <module '_pytest.stepwise' from '/home/sven/Repos/dali_usb_lpc1114/tests/venv/lib/python3.10/site-packages/_pytest/stepwise.py'>
          manager: <_pytest.config.PytestPluginManager object at 0x7fc99fa04880>
      finish pytest_plugin_registered --> [] [hook]
      pytest_plugin_registered [hook]
          plugin: <module '_pytest.warnings' from '/home/sven/Repos/dali_usb_lpc1114/tests/venv/lib/python3.10/site-packages/_pytest/warnings.py'>
          manager: <_pytest.config.PytestPluginManager object at 0x7fc99fa04880>
      finish pytest_plugin_registered --> [] [hook]
      pytest_plugin_registered [hook]
          plugin: <module '_pytest.logging' from '/home/sven/Repos/dali_usb_lpc1114/tests/venv/lib/python3.10/site-packages/_pytest/logging.py'>
          manager: <_pytest.config.PytestPluginManager object at 0x7fc99fa04880>
      finish pytest_plugin_registered --> [] [hook]
      pytest_plugin_registered [hook]
          plugin: <module '_pytest.reports' from '/home/sven/Repos/dali_usb_lpc1114/tests/venv/lib/python3.10/site-packages/_pytest/reports.py'>
          manager: <_pytest.config.PytestPluginManager object at 0x7fc99fa04880>
      finish pytest_plugin_registered --> [] [hook]
      pytest_plugin_registered [hook]
          plugin: <module '_pytest.python_path' from '/home/sven/Repos/dali_usb_lpc1114/tests/venv/lib/python3.10/site-packages/_pytest/python_path.py'>
          manager: <_pytest.config.PytestPluginManager object at 0x7fc99fa04880>
      finish pytest_plugin_registered --> [] [hook]
      pytest_plugin_registered [hook]
          plugin: <module '_pytest.unraisableexception' from '/home/sven/Repos/dali_usb_lpc1114/tests/venv/lib/python3.10/site-packages/_pytest/unraisableexception.py'>
          manager: <_pytest.config.PytestPluginManager object at 0x7fc99fa04880>
      finish pytest_plugin_registered --> [] [hook]
      pytest_plugin_registered [hook]
          plugin: <module '_pytest.threadexception' from '/home/sven/Repos/dali_usb_lpc1114/tests/venv/lib/python3.10/site-packages/_pytest/threadexception.py'>
          manager: <_pytest.config.PytestPluginManager object at 0x7fc99fa04880>
      finish pytest_plugin_registered --> [] [hook]
      pytest_plugin_registered [hook]
          plugin: <module '_pytest.faulthandler' from '/home/sven/Repos/dali_usb_lpc1114/tests/venv/lib/python3.10/site-packages/_pytest/faulthandler.py'>
          manager: <_pytest.config.PytestPluginManager object at 0x7fc99fa04880>
      finish pytest_plugin_registered --> [] [hook]
      pytest_plugin_registered [hook]
          plugin: <CaptureManager _method='fd' _global_capturing=<MultiCapture out=<FDCapture 1 oldfd=5 _state='suspended' tmpfile=<_io.TextIOWrapper name="<_io.FileIO name=6 mode='rb+' closefd=True>" mode='r+' encoding='utf-8'>> err=<FDCapture 2 oldfd=7 _state='suspended' tmpfile=<_io.TextIOWrapper name="<_io.FileIO name=8 mode='rb+' closefd=True>" mode='r+' encoding='utf-8'>> in_=<FDCapture 0 oldfd=3 _state='started' tmpfile=<_io.TextIOWrapper name='/dev/null' mode='r' encoding='UTF-8'>> _state='suspended' _in_suspended=False> _capture_fixture=None>
          manager: <_pytest.config.PytestPluginManager object at 0x7fc99fa04880>
      finish pytest_plugin_registered --> [] [hook]
      pytest_plugin_registered [hook]
          plugin: <module 'conftest' from '/home/sven/Repos/dali_usb_lpc1114/tests/scripts/conftest.py'>
          manager: <_pytest.config.PytestPluginManager object at 0x7fc99fa04880>
      finish pytest_plugin_registered --> [] [hook]
      pytest_plugin_registered [hook]
          plugin: <Session tests exitstatus=<ExitCode.OK: 0> testsfailed=0 testscollected=0>
          manager: <_pytest.config.PytestPluginManager object at 0x7fc99fa04880>
      finish pytest_plugin_registered --> [] [hook]
      pytest_plugin_registered [hook]
          plugin: <_pytest.cacheprovider.LFPlugin object at 0x7fc99f182080>
          manager: <_pytest.config.PytestPluginManager object at 0x7fc99fa04880>
      finish pytest_plugin_registered --> [] [hook]
      pytest_plugin_registered [hook]
          plugin: <_pytest.cacheprovider.NFPlugin object at 0x7fc99f182260>
          manager: <_pytest.config.PytestPluginManager object at 0x7fc99fa04880>
      finish pytest_plugin_registered --> [] [hook]
      pytest_plugin_registered [hook]
          plugin: <class '_pytest.legacypath.LegacyTmpdirPlugin'>
          manager: <_pytest.config.PytestPluginManager object at 0x7fc99fa04880>
      finish pytest_plugin_registered --> [] [hook]
      pytest_plugin_registered [hook]
          plugin: <_pytest.terminal.TerminalReporter object at 0x7fc99f182650>
          manager: <_pytest.config.PytestPluginManager object at 0x7fc99fa04880>
      finish pytest_plugin_registered --> [] [hook]
      pytest_plugin_registered [hook]
          plugin: <_pytest.logging.LoggingPlugin object at 0x7fc99f182830>
          manager: <_pytest.config.PytestPluginManager object at 0x7fc99fa04880>
      finish pytest_plugin_registered --> [] [hook]
    finish pytest_configure --> [] [hook]
    pytest_sessionstart [hook]
        session: <Session tests exitstatus=<ExitCode.OK: 0> testsfailed=0 testscollected=0>
      pytest_plugin_registered [hook]
          plugin: <_pytest.config.PytestPluginManager object at 0x7fc99fa04880>
          manager: <_pytest.config.PytestPluginManager object at 0x7fc99fa04880>
      finish pytest_plugin_registered --> [] [hook]
      pytest_plugin_registered [hook]
          plugin: <_pytest.config.Config object at 0x7fc99f29c1c0>
          manager: <_pytest.config.PytestPluginManager object at 0x7fc99fa04880>
      finish pytest_plugin_registered --> [] [hook]
      pytest_plugin_registered [hook]
          plugin: <module '_pytest.mark' from '/home/sven/Repos/dali_usb_lpc1114/tests/venv/lib/python3.10/site-packages/_pytest/mark/__init__.py'>
          manager: <_pytest.config.PytestPluginManager object at 0x7fc99fa04880>
      finish pytest_plugin_registered --> [] [hook]
      pytest_plugin_registered [hook]
          plugin: <module '_pytest.main' from '/home/sven/Repos/dali_usb_lpc1114/tests/venv/lib/python3.10/site-packages/_pytest/main.py'>
          manager: <_pytest.config.PytestPluginManager object at 0x7fc99fa04880>
      finish pytest_plugin_registered --> [] [hook]
      pytest_plugin_registered [hook]
          plugin: <module '_pytest.runner' from '/home/sven/Repos/dali_usb_lpc1114/tests/venv/lib/python3.10/site-packages/_pytest/runner.py'>
          manager: <_pytest.config.PytestPluginManager object at 0x7fc99fa04880>
      finish pytest_plugin_registered --> [] [hook]
      pytest_plugin_registered [hook]
          plugin: <module '_pytest.fixtures' from '/home/sven/Repos/dali_usb_lpc1114/tests/venv/lib/python3.10/site-packages/_pytest/fixtures.py'>
          manager: <_pytest.config.PytestPluginManager object at 0x7fc99fa04880>
      finish pytest_plugin_registered --> [] [hook]
      pytest_plugin_registered [hook]
          plugin: <module '_pytest.helpconfig' from '/home/sven/Repos/dali_usb_lpc1114/tests/venv/lib/python3.10/site-packages/_pytest/helpconfig.py'>
          manager: <_pytest.config.PytestPluginManager object at 0x7fc99fa04880>
      finish pytest_plugin_registered --> [] [hook]
      pytest_plugin_registered [hook]
          plugin: <module '_pytest.python' from '/home/sven/Repos/dali_usb_lpc1114/tests/venv/lib/python3.10/site-packages/_pytest/python.py'>
          manager: <_pytest.config.PytestPluginManager object at 0x7fc99fa04880>
      finish pytest_plugin_registered --> [] [hook]
      pytest_plugin_registered [hook]
          plugin: <module '_pytest.terminal' from '/home/sven/Repos/dali_usb_lpc1114/tests/venv/lib/python3.10/site-packages/_pytest/terminal.py'>
          manager: <_pytest.config.PytestPluginManager object at 0x7fc99fa04880>
      finish pytest_plugin_registered --> [] [hook]
      pytest_plugin_registered [hook]
          plugin: <module '_pytest.debugging' from '/home/sven/Repos/dali_usb_lpc1114/tests/venv/lib/python3.10/site-packages/_pytest/debugging.py'>
          manager: <_pytest.config.PytestPluginManager object at 0x7fc99fa04880>
      finish pytest_plugin_registered --> [] [hook]
      pytest_plugin_registered [hook]
          plugin: <module '_pytest.unittest' from '/home/sven/Repos/dali_usb_lpc1114/tests/venv/lib/python3.10/site-packages/_pytest/unittest.py'>
          manager: <_pytest.config.PytestPluginManager object at 0x7fc99fa04880>
      finish pytest_plugin_registered --> [] [hook]
      pytest_plugin_registered [hook]
          plugin: <module '_pytest.capture' from '/home/sven/Repos/dali_usb_lpc1114/tests/venv/lib/python3.10/site-packages/_pytest/capture.py'>
          manager: <_pytest.config.PytestPluginManager object at 0x7fc99fa04880>
      finish pytest_plugin_registered --> [] [hook]
      pytest_plugin_registered [hook]
          plugin: <module '_pytest.skipping' from '/home/sven/Repos/dali_usb_lpc1114/tests/venv/lib/python3.10/site-packages/_pytest/skipping.py'>
          manager: <_pytest.config.PytestPluginManager object at 0x7fc99fa04880>
      finish pytest_plugin_registered --> [] [hook]
      pytest_plugin_registered [hook]
          plugin: <module '_pytest.legacypath' from '/home/sven/Repos/dali_usb_lpc1114/tests/venv/lib/python3.10/site-packages/_pytest/legacypath.py'>
          manager: <_pytest.config.PytestPluginManager object at 0x7fc99fa04880>
      finish pytest_plugin_registered --> [] [hook]
      pytest_plugin_registered [hook]
          plugin: <module '_pytest.tmpdir' from '/home/sven/Repos/dali_usb_lpc1114/tests/venv/lib/python3.10/site-packages/_pytest/tmpdir.py'>
          manager: <_pytest.config.PytestPluginManager object at 0x7fc99fa04880>
      finish pytest_plugin_registered --> [] [hook]
      pytest_plugin_registered [hook]
          plugin: <module '_pytest.monkeypatch' from '/home/sven/Repos/dali_usb_lpc1114/tests/venv/lib/python3.10/site-packages/_pytest/monkeypatch.py'>
          manager: <_pytest.config.PytestPluginManager object at 0x7fc99fa04880>
      finish pytest_plugin_registered --> [] [hook]
      pytest_plugin_registered [hook]
          plugin: <module '_pytest.recwarn' from '/home/sven/Repos/dali_usb_lpc1114/tests/venv/lib/python3.10/site-packages/_pytest/recwarn.py'>
          manager: <_pytest.config.PytestPluginManager object at 0x7fc99fa04880>
      finish pytest_plugin_registered --> [] [hook]
      pytest_plugin_registered [hook]
          plugin: <module '_pytest.pastebin' from '/home/sven/Repos/dali_usb_lpc1114/tests/venv/lib/python3.10/site-packages/_pytest/pastebin.py'>
          manager: <_pytest.config.PytestPluginManager object at 0x7fc99fa04880>
      finish pytest_plugin_registered --> [] [hook]
      pytest_plugin_registered [hook]
          plugin: <module '_pytest.nose' from '/home/sven/Repos/dali_usb_lpc1114/tests/venv/lib/python3.10/site-packages/_pytest/nose.py'>
          manager: <_pytest.config.PytestPluginManager object at 0x7fc99fa04880>
      finish pytest_plugin_registered --> [] [hook]
      pytest_plugin_registered [hook]
          plugin: <module '_pytest.assertion' from '/home/sven/Repos/dali_usb_lpc1114/tests/venv/lib/python3.10/site-packages/_pytest/assertion/__init__.py'>
          manager: <_pytest.config.PytestPluginManager object at 0x7fc99fa04880>
      finish pytest_plugin_registered --> [] [hook]
      pytest_plugin_registered [hook]
          plugin: <module '_pytest.junitxml' from '/home/sven/Repos/dali_usb_lpc1114/tests/venv/lib/python3.10/site-packages/_pytest/junitxml.py'>
          manager: <_pytest.config.PytestPluginManager object at 0x7fc99fa04880>
      finish pytest_plugin_registered --> [] [hook]
      pytest_plugin_registered [hook]
          plugin: <module '_pytest.doctest' from '/home/sven/Repos/dali_usb_lpc1114/tests/venv/lib/python3.10/site-packages/_pytest/doctest.py'>
          manager: <_pytest.config.PytestPluginManager object at 0x7fc99fa04880>
      finish pytest_plugin_registered --> [] [hook]
      pytest_plugin_registered [hook]
          plugin: <module '_pytest.cacheprovider' from '/home/sven/Repos/dali_usb_lpc1114/tests/venv/lib/python3.10/site-packages/_pytest/cacheprovider.py'>
          manager: <_pytest.config.PytestPluginManager object at 0x7fc99fa04880>
      finish pytest_plugin_registered --> [] [hook]
      pytest_plugin_registered [hook]
          plugin: <module '_pytest.freeze_support' from '/home/sven/Repos/dali_usb_lpc1114/tests/venv/lib/python3.10/site-packages/_pytest/freeze_support.py'>
          manager: <_pytest.config.PytestPluginManager object at 0x7fc99fa04880>
      finish pytest_plugin_registered --> [] [hook]
      pytest_plugin_registered [hook]
          plugin: <module '_pytest.setuponly' from '/home/sven/Repos/dali_usb_lpc1114/tests/venv/lib/python3.10/site-packages/_pytest/setuponly.py'>
          manager: <_pytest.config.PytestPluginManager object at 0x7fc99fa04880>
      finish pytest_plugin_registered --> [] [hook]
      pytest_plugin_registered [hook]
          plugin: <module '_pytest.setupplan' from '/home/sven/Repos/dali_usb_lpc1114/tests/venv/lib/python3.10/site-packages/_pytest/setupplan.py'>
          manager: <_pytest.config.PytestPluginManager object at 0x7fc99fa04880>
      finish pytest_plugin_registered --> [] [hook]
      pytest_plugin_registered [hook]
          plugin: <module '_pytest.stepwise' from '/home/sven/Repos/dali_usb_lpc1114/tests/venv/lib/python3.10/site-packages/_pytest/stepwise.py'>
          manager: <_pytest.config.PytestPluginManager object at 0x7fc99fa04880>
      finish pytest_plugin_registered --> [] [hook]
      pytest_plugin_registered [hook]
          plugin: <module '_pytest.warnings' from '/home/sven/Repos/dali_usb_lpc1114/tests/venv/lib/python3.10/site-packages/_pytest/warnings.py'>
          manager: <_pytest.config.PytestPluginManager object at 0x7fc99fa04880>
      finish pytest_plugin_registered --> [] [hook]
      pytest_plugin_registered [hook]
          plugin: <module '_pytest.logging' from '/home/sven/Repos/dali_usb_lpc1114/tests/venv/lib/python3.10/site-packages/_pytest/logging.py'>
          manager: <_pytest.config.PytestPluginManager object at 0x7fc99fa04880>
      finish pytest_plugin_registered --> [] [hook]
      pytest_plugin_registered [hook]
          plugin: <module '_pytest.reports' from '/home/sven/Repos/dali_usb_lpc1114/tests/venv/lib/python3.10/site-packages/_pytest/reports.py'>
          manager: <_pytest.config.PytestPluginManager object at 0x7fc99fa04880>
      finish pytest_plugin_registered --> [] [hook]
      pytest_plugin_registered [hook]
          plugin: <module '_pytest.python_path' from '/home/sven/Repos/dali_usb_lpc1114/tests/venv/lib/python3.10/site-packages/_pytest/python_path.py'>
          manager: <_pytest.config.PytestPluginManager object at 0x7fc99fa04880>
      finish pytest_plugin_registered --> [] [hook]
      pytest_plugin_registered [hook]
          plugin: <module '_pytest.unraisableexception' from '/home/sven/Repos/dali_usb_lpc1114/tests/venv/lib/python3.10/site-packages/_pytest/unraisableexception.py'>
          manager: <_pytest.config.PytestPluginManager object at 0x7fc99fa04880>
      finish pytest_plugin_registered --> [] [hook]
      pytest_plugin_registered [hook]
          plugin: <module '_pytest.threadexception' from '/home/sven/Repos/dali_usb_lpc1114/tests/venv/lib/python3.10/site-packages/_pytest/threadexception.py'>
          manager: <_pytest.config.PytestPluginManager object at 0x7fc99fa04880>
      finish pytest_plugin_registered --> [] [hook]
      pytest_plugin_registered [hook]
          plugin: <module '_pytest.faulthandler' from '/home/sven/Repos/dali_usb_lpc1114/tests/venv/lib/python3.10/site-packages/_pytest/faulthandler.py'>
          manager: <_pytest.config.PytestPluginManager object at 0x7fc99fa04880>
      finish pytest_plugin_registered --> [] [hook]
      pytest_plugin_registered [hook]
          plugin: <CaptureManager _method='fd' _global_capturing=<MultiCapture out=<FDCapture 1 oldfd=5 _state='suspended' tmpfile=<_io.TextIOWrapper name="<_io.FileIO name=6 mode='rb+' closefd=True>" mode='r+' encoding='utf-8'>> err=<FDCapture 2 oldfd=7 _state='suspended' tmpfile=<_io.TextIOWrapper name="<_io.FileIO name=8 mode='rb+' closefd=True>" mode='r+' encoding='utf-8'>> in_=<FDCapture 0 oldfd=3 _state='started' tmpfile=<_io.TextIOWrapper name='/dev/null' mode='r' encoding='UTF-8'>> _state='suspended' _in_suspended=False> _capture_fixture=None>
          manager: <_pytest.config.PytestPluginManager object at 0x7fc99fa04880>
      finish pytest_plugin_registered --> [] [hook]
      pytest_plugin_registered [hook]
          plugin: <module 'conftest' from '/home/sven/Repos/dali_usb_lpc1114/tests/scripts/conftest.py'>
          manager: <_pytest.config.PytestPluginManager object at 0x7fc99fa04880>
      finish pytest_plugin_registered --> [] [hook]
      pytest_plugin_registered [hook]
          plugin: <Session tests exitstatus=<ExitCode.OK: 0> testsfailed=0 testscollected=0>
          manager: <_pytest.config.PytestPluginManager object at 0x7fc99fa04880>
      finish pytest_plugin_registered --> [] [hook]
      pytest_plugin_registered [hook]
          plugin: <_pytest.cacheprovider.LFPlugin object at 0x7fc99f182080>
          manager: <_pytest.config.PytestPluginManager object at 0x7fc99fa04880>
      finish pytest_plugin_registered --> [] [hook]
      pytest_plugin_registered [hook]
          plugin: <_pytest.cacheprovider.NFPlugin object at 0x7fc99f182260>
          manager: <_pytest.config.PytestPluginManager object at 0x7fc99fa04880>
      finish pytest_plugin_registered --> [] [hook]
      pytest_plugin_registered [hook]
          plugin: <class '_pytest.legacypath.LegacyTmpdirPlugin'>
          manager: <_pytest.config.PytestPluginManager object at 0x7fc99fa04880>
      finish pytest_plugin_registered --> [] [hook]
      pytest_plugin_registered [hook]
          plugin: <_pytest.terminal.TerminalReporter object at 0x7fc99f182650>
          manager: <_pytest.config.PytestPluginManager object at 0x7fc99fa04880>
      finish pytest_plugin_registered --> [] [hook]
      pytest_plugin_registered [hook]
          plugin: <_pytest.logging.LoggingPlugin object at 0x7fc99f182830>
          manager: <_pytest.config.PytestPluginManager object at 0x7fc99fa04880>
      finish pytest_plugin_registered --> [] [hook]
      pytest_plugin_registered [hook]
          plugin: <_pytest.fixtures.FixtureManager object at 0x7fc99f181e40>
          manager: <_pytest.config.PytestPluginManager object at 0x7fc99fa04880>
      finish pytest_plugin_registered --> [] [hook]
      pytest_report_header [hook]
          config: <_pytest.config.Config object at 0x7fc99f29c1c0>
          start_path: /home/sven/Repos/dali_usb_lpc1114/tests
          startdir: /home/sven/Repos/dali_usb_lpc1114/tests
      finish pytest_report_header --> [['rootdir: /home/sven/Repos/dali_usb_lpc1114/tests, configfile: pytest.ini'], ['using: pytest-7.1.3']] [hook]
    finish pytest_sessionstart --> [] [hook]
    pytest_collection [hook]
        session: <Session tests exitstatus=<ExitCode.OK: 0> testsfailed=0 testscollected=0>
    perform_collect <Session tests exitstatus=<ExitCode.OK: 0> testsfailed=0 testscollected=0> ['scripts/'] [collection]
        pytest_collectstart [hook]
            collector: <Session tests exitstatus=<ExitCode.OK: 0> testsfailed=0 testscollected=0>
        finish pytest_collectstart --> [] [hook]
        pytest_make_collect_report [hook]
            collector: <Session tests exitstatus=<ExitCode.OK: 0> testsfailed=0 testscollected=0>
        processing argument (PosixPath('/home/sven/Repos/dali_usb_lpc1114/tests/scripts'), []) [collection]
            pytest_ignore_collect [hook]
                config: <_pytest.config.Config object at 0x7fc99f29c1c0>
                collection_path: /home/sven/Repos/dali_usb_lpc1114/tests/scripts/conftest.py
                path: /home/sven/Repos/dali_usb_lpc1114/tests/scripts/conftest.py
            finish pytest_ignore_collect --> None [hook]
            pytest_collect_file [hook]
                parent: <Session tests exitstatus=<ExitCode.OK: 0> testsfailed=0 testscollected=0>
                file_path: /home/sven/Repos/dali_usb_lpc1114/tests/scripts/conftest.py
                path: /home/sven/Repos/dali_usb_lpc1114/tests/scripts/conftest.py
            finish pytest_collect_file --> [] [hook]
            pytest_ignore_collect [hook]
                config: <_pytest.config.Config object at 0x7fc99f29c1c0>
                collection_path: /home/sven/Repos/dali_usb_lpc1114/tests/scripts/test_basic.py
                path: /home/sven/Repos/dali_usb_lpc1114/tests/scripts/test_basic.py
            finish pytest_ignore_collect --> None [hook]
            pytest_collect_file [hook]
                parent: <Session tests exitstatus=<ExitCode.OK: 0> testsfailed=0 testscollected=0>
                file_path: /home/sven/Repos/dali_usb_lpc1114/tests/scripts/test_basic.py
                path: /home/sven/Repos/dali_usb_lpc1114/tests/scripts/test_basic.py
              pytest_pycollect_makemodule [hook]
                  parent: <Session tests exitstatus=<ExitCode.OK: 0> testsfailed=0 testscollected=0>
                  module_path: /home/sven/Repos/dali_usb_lpc1114/tests/scripts/test_basic.py
                  path: /home/sven/Repos/dali_usb_lpc1114/tests/scripts/test_basic.py
              finish pytest_pycollect_makemodule --> <Module scripts/test_basic.py> [hook]
            finish pytest_collect_file --> [<Module scripts/test_basic.py>] [hook]
            pytest_ignore_collect [hook]
                config: <_pytest.config.Config object at 0x7fc99f29c1c0>
                collection_path: /home/sven/Repos/dali_usb_lpc1114/tests/scripts/test_command_interface.py
                path: /home/sven/Repos/dali_usb_lpc1114/tests/scripts/test_command_interface.py
            finish pytest_ignore_collect --> None [hook]
            pytest_collect_file [hook]
                parent: <Session tests exitstatus=<ExitCode.OK: 0> testsfailed=0 testscollected=0>
                file_path: /home/sven/Repos/dali_usb_lpc1114/tests/scripts/test_command_interface.py
                path: /home/sven/Repos/dali_usb_lpc1114/tests/scripts/test_command_interface.py
              pytest_pycollect_makemodule [hook]
                  parent: <Session tests exitstatus=<ExitCode.OK: 0> testsfailed=0 testscollected=0>
                  module_path: /home/sven/Repos/dali_usb_lpc1114/tests/scripts/test_command_interface.py
                  path: /home/sven/Repos/dali_usb_lpc1114/tests/scripts/test_command_interface.py
              finish pytest_pycollect_makemodule --> <Module scripts/test_command_interface.py> [hook]
            finish pytest_collect_file --> [<Module scripts/test_command_interface.py>] [hook]
            pytest_ignore_collect [hook]
                config: <_pytest.config.Config object at 0x7fc99f29c1c0>
                collection_path: /home/sven/Repos/dali_usb_lpc1114/tests/scripts/test_timing.py
                path: /home/sven/Repos/dali_usb_lpc1114/tests/scripts/test_timing.py
            finish pytest_ignore_collect --> None [hook]
            pytest_collect_file [hook]
                parent: <Session tests exitstatus=<ExitCode.OK: 0> testsfailed=0 testscollected=0>
                file_path: /home/sven/Repos/dali_usb_lpc1114/tests/scripts/test_timing.py
                path: /home/sven/Repos/dali_usb_lpc1114/tests/scripts/test_timing.py
              pytest_pycollect_makemodule [hook]
                  parent: <Session tests exitstatus=<ExitCode.OK: 0> testsfailed=0 testscollected=0>
                  module_path: /home/sven/Repos/dali_usb_lpc1114/tests/scripts/test_timing.py
                  path: /home/sven/Repos/dali_usb_lpc1114/tests/scripts/test_timing.py
              finish pytest_pycollect_makemodule --> <Module scripts/test_timing.py> [hook]
            finish pytest_collect_file --> [<Module scripts/test_timing.py>] [hook]
            pytest_ignore_collect [hook]
                config: <_pytest.config.Config object at 0x7fc99f29c1c0>
                collection_path: /home/sven/Repos/dali_usb_lpc1114/tests/scripts/test_tx_multiple.py
                path: /home/sven/Repos/dali_usb_lpc1114/tests/scripts/test_tx_multiple.py
            finish pytest_ignore_collect --> None [hook]
            pytest_collect_file [hook]
                parent: <Session tests exitstatus=<ExitCode.OK: 0> testsfailed=0 testscollected=0>
                file_path: /home/sven/Repos/dali_usb_lpc1114/tests/scripts/test_tx_multiple.py
                path: /home/sven/Repos/dali_usb_lpc1114/tests/scripts/test_tx_multiple.py
              pytest_pycollect_makemodule [hook]
                  parent: <Session tests exitstatus=<ExitCode.OK: 0> testsfailed=0 testscollected=0>
                  module_path: /home/sven/Repos/dali_usb_lpc1114/tests/scripts/test_tx_multiple.py
                  path: /home/sven/Repos/dali_usb_lpc1114/tests/scripts/test_tx_multiple.py
              finish pytest_pycollect_makemodule --> <Module scripts/test_tx_multiple.py> [hook]
            finish pytest_collect_file --> [<Module scripts/test_tx_multiple.py>] [hook]
            pytest_ignore_collect [hook]
                config: <_pytest.config.Config object at 0x7fc99f29c1c0>
                collection_path: /home/sven/Repos/dali_usb_lpc1114/tests/scripts/.pytest_cache
                path: /home/sven/Repos/dali_usb_lpc1114/tests/scripts/.pytest_cache
            finish pytest_ignore_collect --> None [hook]
            pytest_ignore_collect [hook]
                config: <_pytest.config.Config object at 0x7fc99f29c1c0>
                collection_path: /home/sven/Repos/dali_usb_lpc1114/tests/scripts/.pytest_cache/.gitignore
                path: /home/sven/Repos/dali_usb_lpc1114/tests/scripts/.pytest_cache/.gitignore
            finish pytest_ignore_collect --> None [hook]
            pytest_collect_file [hook]
                parent: <Session tests exitstatus=<ExitCode.OK: 0> testsfailed=0 testscollected=0>
                file_path: /home/sven/Repos/dali_usb_lpc1114/tests/scripts/.pytest_cache/.gitignore
                path: /home/sven/Repos/dali_usb_lpc1114/tests/scripts/.pytest_cache/.gitignore
            finish pytest_collect_file --> [] [hook]
            pytest_ignore_collect [hook]
                config: <_pytest.config.Config object at 0x7fc99f29c1c0>
                collection_path: /home/sven/Repos/dali_usb_lpc1114/tests/scripts/.pytest_cache/CACHEDIR.TAG
                path: /home/sven/Repos/dali_usb_lpc1114/tests/scripts/.pytest_cache/CACHEDIR.TAG
            finish pytest_ignore_collect --> None [hook]
            pytest_collect_file [hook]
                parent: <Session tests exitstatus=<ExitCode.OK: 0> testsfailed=0 testscollected=0>
                file_path: /home/sven/Repos/dali_usb_lpc1114/tests/scripts/.pytest_cache/CACHEDIR.TAG
                path: /home/sven/Repos/dali_usb_lpc1114/tests/scripts/.pytest_cache/CACHEDIR.TAG
            finish pytest_collect_file --> [] [hook]
            pytest_ignore_collect [hook]
                config: <_pytest.config.Config object at 0x7fc99f29c1c0>
                collection_path: /home/sven/Repos/dali_usb_lpc1114/tests/scripts/.pytest_cache/README.md
                path: /home/sven/Repos/dali_usb_lpc1114/tests/scripts/.pytest_cache/README.md
            finish pytest_ignore_collect --> None [hook]
            pytest_collect_file [hook]
                parent: <Session tests exitstatus=<ExitCode.OK: 0> testsfailed=0 testscollected=0>
                file_path: /home/sven/Repos/dali_usb_lpc1114/tests/scripts/.pytest_cache/README.md
                path: /home/sven/Repos/dali_usb_lpc1114/tests/scripts/.pytest_cache/README.md
            finish pytest_collect_file --> [] [hook]
            pytest_ignore_collect [hook]
                config: <_pytest.config.Config object at 0x7fc99f29c1c0>
                collection_path: /home/sven/Repos/dali_usb_lpc1114/tests/scripts/.pytest_cache/v
                path: /home/sven/Repos/dali_usb_lpc1114/tests/scripts/.pytest_cache/v
            finish pytest_ignore_collect --> None [hook]
            pytest_ignore_collect [hook]
                config: <_pytest.config.Config object at 0x7fc99f29c1c0>
                collection_path: /home/sven/Repos/dali_usb_lpc1114/tests/scripts/.pytest_cache/v/cache
                path: /home/sven/Repos/dali_usb_lpc1114/tests/scripts/.pytest_cache/v/cache
            finish pytest_ignore_collect --> None [hook]
            pytest_ignore_collect [hook]
                config: <_pytest.config.Config object at 0x7fc99f29c1c0>
                collection_path: /home/sven/Repos/dali_usb_lpc1114/tests/scripts/.pytest_cache/v/cache/lastfailed
                path: /home/sven/Repos/dali_usb_lpc1114/tests/scripts/.pytest_cache/v/cache/lastfailed
            finish pytest_ignore_collect --> None [hook]
            pytest_collect_file [hook]
                parent: <Session tests exitstatus=<ExitCode.OK: 0> testsfailed=0 testscollected=0>
                file_path: /home/sven/Repos/dali_usb_lpc1114/tests/scripts/.pytest_cache/v/cache/lastfailed
                path: /home/sven/Repos/dali_usb_lpc1114/tests/scripts/.pytest_cache/v/cache/lastfailed
            finish pytest_collect_file --> [] [hook]
            pytest_ignore_collect [hook]
                config: <_pytest.config.Config object at 0x7fc99f29c1c0>
                collection_path: /home/sven/Repos/dali_usb_lpc1114/tests/scripts/.pytest_cache/v/cache/nodeids
                path: /home/sven/Repos/dali_usb_lpc1114/tests/scripts/.pytest_cache/v/cache/nodeids
            finish pytest_ignore_collect --> None [hook]
            pytest_collect_file [hook]
                parent: <Session tests exitstatus=<ExitCode.OK: 0> testsfailed=0 testscollected=0>
                file_path: /home/sven/Repos/dali_usb_lpc1114/tests/scripts/.pytest_cache/v/cache/nodeids
                path: /home/sven/Repos/dali_usb_lpc1114/tests/scripts/.pytest_cache/v/cache/nodeids
            finish pytest_collect_file --> [] [hook]
            pytest_ignore_collect [hook]
                config: <_pytest.config.Config object at 0x7fc99f29c1c0>
                collection_path: /home/sven/Repos/dali_usb_lpc1114/tests/scripts/.pytest_cache/v/cache/stepwise
                path: /home/sven/Repos/dali_usb_lpc1114/tests/scripts/.pytest_cache/v/cache/stepwise
            finish pytest_ignore_collect --> None [hook]
            pytest_collect_file [hook]
                parent: <Session tests exitstatus=<ExitCode.OK: 0> testsfailed=0 testscollected=0>
                file_path: /home/sven/Repos/dali_usb_lpc1114/tests/scripts/.pytest_cache/v/cache/stepwise
                path: /home/sven/Repos/dali_usb_lpc1114/tests/scripts/.pytest_cache/v/cache/stepwise
            finish pytest_collect_file --> [] [hook]
            pytest_ignore_collect [hook]
                config: <_pytest.config.Config object at 0x7fc99f29c1c0>
                collection_path: /home/sven/Repos/dali_usb_lpc1114/tests/scripts/connection
                path: /home/sven/Repos/dali_usb_lpc1114/tests/scripts/connection
            finish pytest_ignore_collect --> None [hook]
            pytest_ignore_collect [hook]
                config: <_pytest.config.Config object at 0x7fc99f29c1c0>
                collection_path: /home/sven/Repos/dali_usb_lpc1114/tests/scripts/connection/__init__.py
                path: /home/sven/Repos/dali_usb_lpc1114/tests/scripts/connection/__init__.py
            finish pytest_ignore_collect --> None [hook]
            pytest_collect_file [hook]
                parent: <Session tests exitstatus=<ExitCode.OK: 0> testsfailed=0 testscollected=0>
                file_path: /home/sven/Repos/dali_usb_lpc1114/tests/scripts/connection/__init__.py
                path: /home/sven/Repos/dali_usb_lpc1114/tests/scripts/connection/__init__.py
              pytest_pycollect_makemodule [hook]
                  parent: <Session tests exitstatus=<ExitCode.OK: 0> testsfailed=0 testscollected=0>
                  module_path: /home/sven/Repos/dali_usb_lpc1114/tests/scripts/connection/__init__.py
                  path: /home/sven/Repos/dali_usb_lpc1114/tests/scripts/connection/__init__.py
              finish pytest_pycollect_makemodule --> <Package connection> [hook]
            finish pytest_collect_file --> [<Package connection>] [hook]
        finish pytest_make_collect_report --> <CollectReport '' lenresult=5 outcome='passed'> [hook]
        pytest_collectreport [hook]
            report: <CollectReport '' lenresult=5 outcome='passed'>
        finish pytest_collectreport --> [] [hook]
    genitems <Module scripts/test_basic.py> [collection]
      pytest_collectstart [hook]
          collector: <Module scripts/test_basic.py>
      finish pytest_collectstart --> [] [hook]
      pytest_make_collect_report [hook]
          collector: <Module scripts/test_basic.py>
      find_module called for: test_basic [assertion]
      matched test file '/home/sven/Repos/dali_usb_lpc1114/tests/scripts/test_basic.py' [assertion]
      found cached rewritten pyc for /home/sven/Repos/dali_usb_lpc1114/tests/scripts/test_basic.py [assertion]
        pytest_pycollect_makeitem [hook]
            collector: <Module scripts/test_basic.py>
            name: @py_builtins
            obj: <module 'builtins' (built-in)>
        finish pytest_pycollect_makeitem --> None [hook]
        pytest_pycollect_makeitem [hook]
            collector: <Module scripts/test_basic.py>
            name: @pytest_ar
            obj: <module '_pytest.assertion.rewrite' from '/home/sven/Repos/dali_usb_lpc1114/tests/venv/lib/python3.10/site-packages/_pytest/assertion/rewrite.py'>
        finish pytest_pycollect_makeitem --> None [hook]
        pytest_pycollect_makeitem [hook]
            collector: <Module scripts/test_basic.py>
            name: pytest
            obj: <module 'pytest' from '/home/sven/Repos/dali_usb_lpc1114/tests/venv/lib/python3.10/site-packages/pytest/__init__.py'>
        finish pytest_pycollect_makeitem --> None [hook]
        pytest_pycollect_makeitem [hook]
            collector: <Module scripts/test_basic.py>
            name: logging
            obj: <module 'logging' from '/usr/lib/python3.10/logging/__init__.py'>
        finish pytest_pycollect_makeitem --> None [hook]
        pytest_pycollect_makeitem [hook]
            collector: <Module scripts/test_basic.py>
            name: time
            obj: <module 'time' (built-in)>
        finish pytest_pycollect_makeitem --> None [hook]
        pytest_pycollect_makeitem [hook]
            collector: <Module scripts/test_basic.py>
            name: logger
            obj: <Logger test_basic (INFO)>
        finish pytest_pycollect_makeitem --> None [hook]
        pytest_pycollect_makeitem [hook]
            collector: <Module scripts/test_basic.py>
            name: timeout_time_sec
            obj: 2
        finish pytest_pycollect_makeitem --> None [hook]
        pytest_pycollect_makeitem [hook]
            collector: <Module scripts/test_basic.py>
            name: test_version
            obj: <function test_version at 0x7fc99efcd510>
          pytest_generate_tests [hook]
              metafunc: <_pytest.python.Metafunc object at 0x7fc99f1ca9b0>
          finish pytest_generate_tests --> [] [hook]
        finish pytest_pycollect_makeitem --> [<Function test_version>] [hook]
        pytest_pycollect_makeitem [hook]
            collector: <Module scripts/test_basic.py>
            name: test_8bit_loopback
            obj: <function test_8bit_loopback at 0x7fc99efcd480>
          pytest_generate_tests [hook]
              metafunc: <_pytest.python.Metafunc object at 0x7fc99f1cabf0>
          finish pytest_generate_tests --> [] [hook]
        finish pytest_pycollect_makeitem --> [<Function test_8bit_loopback>] [hook]
        pytest_pycollect_makeitem [hook]
            collector: <Module scripts/test_basic.py>
            name: test_16bit_pattern
            obj: <function test_16bit_pattern at 0x7fc99efcd5a0>
          pytest_generate_tests [hook]
              metafunc: <_pytest.python.Metafunc object at 0x7fc99f1ca7a0>
            pytest_make_parametrize_id [hook]
                config: <_pytest.config.Config object at 0x7fc99f29c1c0>
                val: 0
                argname: code
            finish pytest_make_parametrize_id --> None [hook]
            pytest_make_parametrize_id [hook]
                config: <_pytest.config.Config object at 0x7fc99f29c1c0>
                val: 1
                argname: code
            finish pytest_make_parametrize_id --> None [hook]
            pytest_make_parametrize_id [hook]
                config: <_pytest.config.Config object at 0x7fc99f29c1c0>
                val: 2
                argname: code
            finish pytest_make_parametrize_id --> None [hook]
            pytest_make_parametrize_id [hook]
                config: <_pytest.config.Config object at 0x7fc99f29c1c0>
                val: 4
                argname: code
            finish pytest_make_parametrize_id --> None [hook]
            pytest_make_parametrize_id [hook]
                config: <_pytest.config.Config object at 0x7fc99f29c1c0>
                val: 8
                argname: code
            finish pytest_make_parametrize_id --> None [hook]
            pytest_make_parametrize_id [hook]
                config: <_pytest.config.Config object at 0x7fc99f29c1c0>
                val: 15
                argname: code
            finish pytest_make_parametrize_id --> None [hook]
            pytest_make_parametrize_id [hook]
                config: <_pytest.config.Config object at 0x7fc99f29c1c0>
                val: 16
                argname: code
            finish pytest_make_parametrize_id --> None [hook]
            pytest_make_parametrize_id [hook]
                config: <_pytest.config.Config object at 0x7fc99f29c1c0>
                val: 32
                argname: code
            finish pytest_make_parametrize_id --> None [hook]
            pytest_make_parametrize_id [hook]
                config: <_pytest.config.Config object at 0x7fc99f29c1c0>
                val: 64
                argname: code
            finish pytest_make_parametrize_id --> None [hook]
            pytest_make_parametrize_id [hook]
                config: <_pytest.config.Config object at 0x7fc99f29c1c0>
                val: 128
                argname: code
            finish pytest_make_parametrize_id --> None [hook]
            pytest_make_parametrize_id [hook]
                config: <_pytest.config.Config object at 0x7fc99f29c1c0>
                val: 240
                argname: code
            finish pytest_make_parametrize_id --> None [hook]
            pytest_make_parametrize_id [hook]
                config: <_pytest.config.Config object at 0x7fc99f29c1c0>
                val: 256
                argname: code
            finish pytest_make_parametrize_id --> None [hook]
            pytest_make_parametrize_id [hook]
                config: <_pytest.config.Config object at 0x7fc99f29c1c0>
                val: 512
                argname: code
            finish pytest_make_parametrize_id --> None [hook]
            pytest_make_parametrize_id [hook]
                config: <_pytest.config.Config object at 0x7fc99f29c1c0>
                val: 1024
                argname: code
            finish pytest_make_parametrize_id --> None [hook]
            pytest_make_parametrize_id [hook]
                config: <_pytest.config.Config object at 0x7fc99f29c1c0>
                val: 2048
                argname: code
            finish pytest_make_parametrize_id --> None [hook]
            pytest_make_parametrize_id [hook]
                config: <_pytest.config.Config object at 0x7fc99f29c1c0>
                val: 3840
                argname: code
            finish pytest_make_parametrize_id --> None [hook]
            pytest_make_parametrize_id [hook]
                config: <_pytest.config.Config object at 0x7fc99f29c1c0>
                val: 4096
                argname: code
            finish pytest_make_parametrize_id --> None [hook]
            pytest_make_parametrize_id [hook]
                config: <_pytest.config.Config object at 0x7fc99f29c1c0>
                val: 8192
                argname: code
            finish pytest_make_parametrize_id --> None [hook]
            pytest_make_parametrize_id [hook]
                config: <_pytest.config.Config object at 0x7fc99f29c1c0>
                val: 16384
                argname: code
            finish pytest_make_parametrize_id --> None [hook]
            pytest_make_parametrize_id [hook]
                config: <_pytest.config.Config object at 0x7fc99f29c1c0>
                val: 32768
                argname: code
            finish pytest_make_parametrize_id --> None [hook]
            pytest_make_parametrize_id [hook]
                config: <_pytest.config.Config object at 0x7fc99f29c1c0>
                val: 61440
                argname: code
            finish pytest_make_parametrize_id --> None [hook]
            pytest_make_parametrize_id [hook]
                config: <_pytest.config.Config object at 0x7fc99f29c1c0>
                val: 21845
                argname: code
            finish pytest_make_parametrize_id --> None [hook]
            pytest_make_parametrize_id [hook]
                config: <_pytest.config.Config object at 0x7fc99f29c1c0>
                val: 43690
                argname: code
            finish pytest_make_parametrize_id --> None [hook]
            pytest_make_parametrize_id [hook]
                config: <_pytest.config.Config object at 0x7fc99f29c1c0>
                val: 65535
                argname: code
            finish pytest_make_parametrize_id --> None [hook]
          finish pytest_generate_tests --> [] [hook]
        finish pytest_pycollect_makeitem --> [<Function test_16bit_pattern[0]>, <Function test_16bit_pattern[1]>, <Function test_16bit_pattern[2]>, <Function test_16bit_pattern[4]>, <Function test_16bit_pattern[8]>, <Function test_16bit_pattern[15]>, <Function test_16bit_pattern[16]>, <Function test_16bit_pattern[32]>, <Function test_16bit_pattern[64]>, <Function test_16bit_pattern[128]>, <Function test_16bit_pattern[240]>, <Function test_16bit_pattern[256]>, <Function test_16bit_pattern[512]>, <Function test_16bit_pattern[1024]>, <Function test_16bit_pattern[2048]>, <Function test_16bit_pattern[3840]>, <Function test_16bit_pattern[4096]>, <Function test_16bit_pattern[8192]>, <Function test_16bit_pattern[16384]>, <Function test_16bit_pattern[32768]>, <Function test_16bit_pattern[61440]>, <Function test_16bit_pattern[21845]>, <Function test_16bit_pattern[43690]>, <Function test_16bit_pattern[65535]>] [hook]
        pytest_pycollect_makeitem [hook]
            collector: <Module scripts/test_basic.py>
            name: test_32bit_pattern
            obj: <function test_32bit_pattern at 0x7fc99efcd630>
          pytest_generate_tests [hook]
              metafunc: <_pytest.python.Metafunc object at 0x7fc99f1cabf0>
            pytest_make_parametrize_id [hook]
                config: <_pytest.config.Config object at 0x7fc99f29c1c0>
                val: 0
                argname: code
            finish pytest_make_parametrize_id --> None [hook]
            pytest_make_parametrize_id [hook]
                config: <_pytest.config.Config object at 0x7fc99f29c1c0>
                val: 1
                argname: code
            finish pytest_make_parametrize_id --> None [hook]
            pytest_make_parametrize_id [hook]
                config: <_pytest.config.Config object at 0x7fc99f29c1c0>
                val: 2
                argname: code
            finish pytest_make_parametrize_id --> None [hook]
            pytest_make_parametrize_id [hook]
                config: <_pytest.config.Config object at 0x7fc99f29c1c0>
                val: 4
                argname: code
            finish pytest_make_parametrize_id --> None [hook]
            pytest_make_parametrize_id [hook]
                config: <_pytest.config.Config object at 0x7fc99f29c1c0>
                val: 8
                argname: code
            finish pytest_make_parametrize_id --> None [hook]
            pytest_make_parametrize_id [hook]
                config: <_pytest.config.Config object at 0x7fc99f29c1c0>
                val: 15
                argname: code
            finish pytest_make_parametrize_id --> None [hook]
            pytest_make_parametrize_id [hook]
                config: <_pytest.config.Config object at 0x7fc99f29c1c0>
                val: 16
                argname: code
            finish pytest_make_parametrize_id --> None [hook]
            pytest_make_parametrize_id [hook]
                config: <_pytest.config.Config object at 0x7fc99f29c1c0>
                val: 32
                argname: code
            finish pytest_make_parametrize_id --> None [hook]
            pytest_make_parametrize_id [hook]
                config: <_pytest.config.Config object at 0x7fc99f29c1c0>
                val: 64
                argname: code
            finish pytest_make_parametrize_id --> None [hook]
            pytest_make_parametrize_id [hook]
                config: <_pytest.config.Config object at 0x7fc99f29c1c0>
                val: 128
                argname: code
            finish pytest_make_parametrize_id --> None [hook]
            pytest_make_parametrize_id [hook]
                config: <_pytest.config.Config object at 0x7fc99f29c1c0>
                val: 240
                argname: code
            finish pytest_make_parametrize_id --> None [hook]
            pytest_make_parametrize_id [hook]
                config: <_pytest.config.Config object at 0x7fc99f29c1c0>
                val: 256
                argname: code
            finish pytest_make_parametrize_id --> None [hook]
            pytest_make_parametrize_id [hook]
                config: <_pytest.config.Config object at 0x7fc99f29c1c0>
                val: 512
                argname: code
            finish pytest_make_parametrize_id --> None [hook]
            pytest_make_parametrize_id [hook]
                config: <_pytest.config.Config object at 0x7fc99f29c1c0>
                val: 1024
                argname: code
            finish pytest_make_parametrize_id --> None [hook]
            pytest_make_parametrize_id [hook]
                config: <_pytest.config.Config object at 0x7fc99f29c1c0>
                val: 2048
                argname: code
            finish pytest_make_parametrize_id --> None [hook]
            pytest_make_parametrize_id [hook]
                config: <_pytest.config.Config object at 0x7fc99f29c1c0>
                val: 3840
                argname: code
            finish pytest_make_parametrize_id --> None [hook]
            pytest_make_parametrize_id [hook]
                config: <_pytest.config.Config object at 0x7fc99f29c1c0>
                val: 4096
                argname: code
            finish pytest_make_parametrize_id --> None [hook]
            pytest_make_parametrize_id [hook]
                config: <_pytest.config.Config object at 0x7fc99f29c1c0>
                val: 8192
                argname: code
            finish pytest_make_parametrize_id --> None [hook]
            pytest_make_parametrize_id [hook]
                config: <_pytest.config.Config object at 0x7fc99f29c1c0>
                val: 16384
                argname: code
            finish pytest_make_parametrize_id --> None [hook]
            pytest_make_parametrize_id [hook]
                config: <_pytest.config.Config object at 0x7fc99f29c1c0>
                val: 32768
                argname: code
            finish pytest_make_parametrize_id --> None [hook]
            pytest_make_parametrize_id [hook]
                config: <_pytest.config.Config object at 0x7fc99f29c1c0>
                val: 61440
                argname: code
            finish pytest_make_parametrize_id --> None [hook]
            pytest_make_parametrize_id [hook]
                config: <_pytest.config.Config object at 0x7fc99f29c1c0>
                val: 65536
                argname: code
            finish pytest_make_parametrize_id --> None [hook]
            pytest_make_parametrize_id [hook]
                config: <_pytest.config.Config object at 0x7fc99f29c1c0>
                val: 131072
                argname: code
            finish pytest_make_parametrize_id --> None [hook]
            pytest_make_parametrize_id [hook]
                config: <_pytest.config.Config object at 0x7fc99f29c1c0>
                val: 262144
                argname: code
            finish pytest_make_parametrize_id --> None [hook]
            pytest_make_parametrize_id [hook]
                config: <_pytest.config.Config object at 0x7fc99f29c1c0>
                val: 524288
                argname: code
            finish pytest_make_parametrize_id --> None [hook]
            pytest_make_parametrize_id [hook]
                config: <_pytest.config.Config object at 0x7fc99f29c1c0>
                val: 1048576
                argname: code
            finish pytest_make_parametrize_id --> None [hook]
            pytest_make_parametrize_id [hook]
                config: <_pytest.config.Config object at 0x7fc99f29c1c0>
                val: 2097152
                argname: code
            finish pytest_make_parametrize_id --> None [hook]
            pytest_make_parametrize_id [hook]
                config: <_pytest.config.Config object at 0x7fc99f29c1c0>
                val: 4194304
                argname: code
            finish pytest_make_parametrize_id --> None [hook]
            pytest_make_parametrize_id [hook]
                config: <_pytest.config.Config object at 0x7fc99f29c1c0>
                val: 8388608
                argname: code
            finish pytest_make_parametrize_id --> None [hook]
            pytest_make_parametrize_id [hook]
                config: <_pytest.config.Config object at 0x7fc99f29c1c0>
                val: 15728640
                argname: code
            finish pytest_make_parametrize_id --> None [hook]
            pytest_make_parametrize_id [hook]
                config: <_pytest.config.Config object at 0x7fc99f29c1c0>
                val: 16777216
                argname: code
            finish pytest_make_parametrize_id --> None [hook]
            pytest_make_parametrize_id [hook]
                config: <_pytest.config.Config object at 0x7fc99f29c1c0>
                val: 33554432
                argname: code
            finish pytest_make_parametrize_id --> None [hook]
            pytest_make_parametrize_id [hook]
                config: <_pytest.config.Config object at 0x7fc99f29c1c0>
                val: 67108864
                argname: code
            finish pytest_make_parametrize_id --> None [hook]
            pytest_make_parametrize_id [hook]
                config: <_pytest.config.Config object at 0x7fc99f29c1c0>
                val: 134217728
                argname: code
            finish pytest_make_parametrize_id --> None [hook]
            pytest_make_parametrize_id [hook]
                config: <_pytest.config.Config object at 0x7fc99f29c1c0>
                val: 251658240
                argname: code
            finish pytest_make_parametrize_id --> None [hook]
            pytest_make_parametrize_id [hook]
                config: <_pytest.config.Config object at 0x7fc99f29c1c0>
                val: 268435456
                argname: code
            finish pytest_make_parametrize_id --> None [hook]
            pytest_make_parametrize_id [hook]
                config: <_pytest.config.Config object at 0x7fc99f29c1c0>
                val: 536870912
                argname: code
            finish pytest_make_parametrize_id --> None [hook]
            pytest_make_parametrize_id [hook]
                config: <_pytest.config.Config object at 0x7fc99f29c1c0>
                val: 1073741824
                argname: code
            finish pytest_make_parametrize_id --> None [hook]
            pytest_make_parametrize_id [hook]
                config: <_pytest.config.Config object at 0x7fc99f29c1c0>
                val: 2147483648
                argname: code
            finish pytest_make_parametrize_id --> None [hook]
            pytest_make_parametrize_id [hook]
                config: <_pytest.config.Config object at 0x7fc99f29c1c0>
                val: 4026531840
                argname: code
            finish pytest_make_parametrize_id --> None [hook]
            pytest_make_parametrize_id [hook]
                config: <_pytest.config.Config object at 0x7fc99f29c1c0>
                val: 1431655765
                argname: code
            finish pytest_make_parametrize_id --> None [hook]
            pytest_make_parametrize_id [hook]
                config: <_pytest.config.Config object at 0x7fc99f29c1c0>
                val: 2863311530
                argname: code
            finish pytest_make_parametrize_id --> None [hook]
            pytest_make_parametrize_id [hook]
                config: <_pytest.config.Config object at 0x7fc99f29c1c0>
                val: 268435455
                argname: code
            finish pytest_make_parametrize_id --> None [hook]
          finish pytest_generate_tests --> [] [hook]
        finish pytest_pycollect_makeitem --> [<Function test_32bit_pattern[0]>, <Function test_32bit_pattern[1]>, <Function test_32bit_pattern[2]>, <Function test_32bit_pattern[4]>, <Function test_32bit_pattern[8]>, <Function test_32bit_pattern[15]>, <Function test_32bit_pattern[16]>, <Function test_32bit_pattern[32]>, <Function test_32bit_pattern[64]>, <Function test_32bit_pattern[128]>, <Function test_32bit_pattern[240]>, <Function test_32bit_pattern[256]>, <Function test_32bit_pattern[512]>, <Function test_32bit_pattern[1024]>, <Function test_32bit_pattern[2048]>, <Function test_32bit_pattern[3840]>, <Function test_32bit_pattern[4096]>, <Function test_32bit_pattern[8192]>, <Function test_32bit_pattern[16384]>, <Function test_32bit_pattern[32768]>, <Function test_32bit_pattern[61440]>, <Function test_32bit_pattern[65536]>, <Function test_32bit_pattern[131072]>, <Function test_32bit_pattern[262144]>, <Function test_32bit_pattern[524288]>, <Function test_32bit_pattern[1048576]>, <Function test_32bit_pattern[2097152]>, <Function test_32bit_pattern[4194304]>, <Function test_32bit_pattern[8388608]>, <Function test_32bit_pattern[15728640]>, <Function test_32bit_pattern[16777216]>, <Function test_32bit_pattern[33554432]>, <Function test_32bit_pattern[67108864]>, <Function test_32bit_pattern[134217728]>, <Function test_32bit_pattern[251658240]>, <Function test_32bit_pattern[268435456]>, <Function test_32bit_pattern[536870912]>, <Function test_32bit_pattern[1073741824]>, <Function test_32bit_pattern[2147483648]>, <Function test_32bit_pattern[4026531840]>, <Function test_32bit_pattern[1431655765]>, <Function test_32bit_pattern[2863311530]>, <Function test_32bit_pattern[268435455]>] [hook]
      finish pytest_make_collect_report --> <CollectReport 'scripts/test_basic.py' lenresult=69 outcome='passed'> [hook]
    genitems <Function test_version> [collection]
      pytest_itemcollected [hook]
          item: <Function test_version>
      finish pytest_itemcollected --> [] [hook]
    genitems <Function test_8bit_loopback> [collection]
      pytest_itemcollected [hook]
          item: <Function test_8bit_loopback>
      finish pytest_itemcollected --> [] [hook]
    genitems <Function test_16bit_pattern[0]> [collection]
      pytest_itemcollected [hook]
          item: <Function test_16bit_pattern[0]>
      finish pytest_itemcollected --> [] [hook]
    genitems <Function test_16bit_pattern[1]> [collection]
      pytest_itemcollected [hook]
          item: <Function test_16bit_pattern[1]>
      finish pytest_itemcollected --> [] [hook]
    genitems <Function test_16bit_pattern[2]> [collection]
      pytest_itemcollected [hook]
          item: <Function test_16bit_pattern[2]>
      finish pytest_itemcollected --> [] [hook]
    genitems <Function test_16bit_pattern[4]> [collection]
      pytest_itemcollected [hook]
          item: <Function test_16bit_pattern[4]>
      finish pytest_itemcollected --> [] [hook]
    genitems <Function test_16bit_pattern[8]> [collection]
      pytest_itemcollected [hook]
          item: <Function test_16bit_pattern[8]>
      finish pytest_itemcollected --> [] [hook]
    genitems <Function test_16bit_pattern[15]> [collection]
      pytest_itemcollected [hook]
          item: <Function test_16bit_pattern[15]>
      finish pytest_itemcollected --> [] [hook]
    genitems <Function test_16bit_pattern[16]> [collection]
      pytest_itemcollected [hook]
          item: <Function test_16bit_pattern[16]>
      finish pytest_itemcollected --> [] [hook]
    genitems <Function test_16bit_pattern[32]> [collection]
      pytest_itemcollected [hook]
          item: <Function test_16bit_pattern[32]>
      finish pytest_itemcollected --> [] [hook]
    genitems <Function test_16bit_pattern[64]> [collection]
      pytest_itemcollected [hook]
          item: <Function test_16bit_pattern[64]>
      finish pytest_itemcollected --> [] [hook]
    genitems <Function test_16bit_pattern[128]> [collection]
      pytest_itemcollected [hook]
          item: <Function test_16bit_pattern[128]>
      finish pytest_itemcollected --> [] [hook]
    genitems <Function test_16bit_pattern[240]> [collection]
      pytest_itemcollected [hook]
          item: <Function test_16bit_pattern[240]>
      finish pytest_itemcollected --> [] [hook]
    genitems <Function test_16bit_pattern[256]> [collection]
      pytest_itemcollected [hook]
          item: <Function test_16bit_pattern[256]>
      finish pytest_itemcollected --> [] [hook]
    genitems <Function test_16bit_pattern[512]> [collection]
      pytest_itemcollected [hook]
          item: <Function test_16bit_pattern[512]>
      finish pytest_itemcollected --> [] [hook]
    genitems <Function test_16bit_pattern[1024]> [collection]
      pytest_itemcollected [hook]
          item: <Function test_16bit_pattern[1024]>
      finish pytest_itemcollected --> [] [hook]
    genitems <Function test_16bit_pattern[2048]> [collection]
      pytest_itemcollected [hook]
          item: <Function test_16bit_pattern[2048]>
      finish pytest_itemcollected --> [] [hook]
    genitems <Function test_16bit_pattern[3840]> [collection]
      pytest_itemcollected [hook]
          item: <Function test_16bit_pattern[3840]>
      finish pytest_itemcollected --> [] [hook]
    genitems <Function test_16bit_pattern[4096]> [collection]
      pytest_itemcollected [hook]
          item: <Function test_16bit_pattern[4096]>
      finish pytest_itemcollected --> [] [hook]
    genitems <Function test_16bit_pattern[8192]> [collection]
      pytest_itemcollected [hook]
          item: <Function test_16bit_pattern[8192]>
      finish pytest_itemcollected --> [] [hook]
    genitems <Function test_16bit_pattern[16384]> [collection]
      pytest_itemcollected [hook]
          item: <Function test_16bit_pattern[16384]>
      finish pytest_itemcollected --> [] [hook]
    genitems <Function test_16bit_pattern[32768]> [collection]
      pytest_itemcollected [hook]
          item: <Function test_16bit_pattern[32768]>
      finish pytest_itemcollected --> [] [hook]
    genitems <Function test_16bit_pattern[61440]> [collection]
      pytest_itemcollected [hook]
          item: <Function test_16bit_pattern[61440]>
      finish pytest_itemcollected --> [] [hook]
    genitems <Function test_16bit_pattern[21845]> [collection]
      pytest_itemcollected [hook]
          item: <Function test_16bit_pattern[21845]>
      finish pytest_itemcollected --> [] [hook]
    genitems <Function test_16bit_pattern[43690]> [collection]
      pytest_itemcollected [hook]
          item: <Function test_16bit_pattern[43690]>
      finish pytest_itemcollected --> [] [hook]
    genitems <Function test_16bit_pattern[65535]> [collection]
      pytest_itemcollected [hook]
          item: <Function test_16bit_pattern[65535]>
      finish pytest_itemcollected --> [] [hook]
    genitems <Function test_32bit_pattern[0]> [collection]
      pytest_itemcollected [hook]
          item: <Function test_32bit_pattern[0]>
      finish pytest_itemcollected --> [] [hook]
    genitems <Function test_32bit_pattern[1]> [collection]
      pytest_itemcollected [hook]
          item: <Function test_32bit_pattern[1]>
      finish pytest_itemcollected --> [] [hook]
    genitems <Function test_32bit_pattern[2]> [collection]
      pytest_itemcollected [hook]
          item: <Function test_32bit_pattern[2]>
      finish pytest_itemcollected --> [] [hook]
    genitems <Function test_32bit_pattern[4]> [collection]
      pytest_itemcollected [hook]
          item: <Function test_32bit_pattern[4]>
      finish pytest_itemcollected --> [] [hook]
    genitems <Function test_32bit_pattern[8]> [collection]
      pytest_itemcollected [hook]
          item: <Function test_32bit_pattern[8]>
      finish pytest_itemcollected --> [] [hook]
    genitems <Function test_32bit_pattern[15]> [collection]
      pytest_itemcollected [hook]
          item: <Function test_32bit_pattern[15]>
      finish pytest_itemcollected --> [] [hook]
    genitems <Function test_32bit_pattern[16]> [collection]
      pytest_itemcollected [hook]
          item: <Function test_32bit_pattern[16]>
      finish pytest_itemcollected --> [] [hook]
    genitems <Function test_32bit_pattern[32]> [collection]
      pytest_itemcollected [hook]
          item: <Function test_32bit_pattern[32]>
      finish pytest_itemcollected --> [] [hook]
    genitems <Function test_32bit_pattern[64]> [collection]
      pytest_itemcollected [hook]
          item: <Function test_32bit_pattern[64]>
      finish pytest_itemcollected --> [] [hook]
    genitems <Function test_32bit_pattern[128]> [collection]
      pytest_itemcollected [hook]
          item: <Function test_32bit_pattern[128]>
      finish pytest_itemcollected --> [] [hook]
    genitems <Function test_32bit_pattern[240]> [collection]
      pytest_itemcollected [hook]
          item: <Function test_32bit_pattern[240]>
      finish pytest_itemcollected --> [] [hook]
    genitems <Function test_32bit_pattern[256]> [collection]
      pytest_itemcollected [hook]
          item: <Function test_32bit_pattern[256]>
      finish pytest_itemcollected --> [] [hook]
    genitems <Function test_32bit_pattern[512]> [collection]
      pytest_itemcollected [hook]
          item: <Function test_32bit_pattern[512]>
      finish pytest_itemcollected --> [] [hook]
    genitems <Function test_32bit_pattern[1024]> [collection]
      pytest_itemcollected [hook]
          item: <Function test_32bit_pattern[1024]>
      finish pytest_itemcollected --> [] [hook]
    genitems <Function test_32bit_pattern[2048]> [collection]
      pytest_itemcollected [hook]
          item: <Function test_32bit_pattern[2048]>
      finish pytest_itemcollected --> [] [hook]
    genitems <Function test_32bit_pattern[3840]> [collection]
      pytest_itemcollected [hook]
          item: <Function test_32bit_pattern[3840]>
      finish pytest_itemcollected --> [] [hook]
    genitems <Function test_32bit_pattern[4096]> [collection]
      pytest_itemcollected [hook]
          item: <Function test_32bit_pattern[4096]>
      finish pytest_itemcollected --> [] [hook]
    genitems <Function test_32bit_pattern[8192]> [collection]
      pytest_itemcollected [hook]
          item: <Function test_32bit_pattern[8192]>
      finish pytest_itemcollected --> [] [hook]
    genitems <Function test_32bit_pattern[16384]> [collection]
      pytest_itemcollected [hook]
          item: <Function test_32bit_pattern[16384]>
      finish pytest_itemcollected --> [] [hook]
    genitems <Function test_32bit_pattern[32768]> [collection]
      pytest_itemcollected [hook]
          item: <Function test_32bit_pattern[32768]>
      finish pytest_itemcollected --> [] [hook]
    genitems <Function test_32bit_pattern[61440]> [collection]
      pytest_itemcollected [hook]
          item: <Function test_32bit_pattern[61440]>
      finish pytest_itemcollected --> [] [hook]
    genitems <Function test_32bit_pattern[65536]> [collection]
      pytest_itemcollected [hook]
          item: <Function test_32bit_pattern[65536]>
      finish pytest_itemcollected --> [] [hook]
    genitems <Function test_32bit_pattern[131072]> [collection]
      pytest_itemcollected [hook]
          item: <Function test_32bit_pattern[131072]>
      finish pytest_itemcollected --> [] [hook]
    genitems <Function test_32bit_pattern[262144]> [collection]
      pytest_itemcollected [hook]
          item: <Function test_32bit_pattern[262144]>
      finish pytest_itemcollected --> [] [hook]
    genitems <Function test_32bit_pattern[524288]> [collection]
      pytest_itemcollected [hook]
          item: <Function test_32bit_pattern[524288]>
      finish pytest_itemcollected --> [] [hook]
    genitems <Function test_32bit_pattern[1048576]> [collection]
      pytest_itemcollected [hook]
          item: <Function test_32bit_pattern[1048576]>
      finish pytest_itemcollected --> [] [hook]
    genitems <Function test_32bit_pattern[2097152]> [collection]
      pytest_itemcollected [hook]
          item: <Function test_32bit_pattern[2097152]>
      finish pytest_itemcollected --> [] [hook]
    genitems <Function test_32bit_pattern[4194304]> [collection]
      pytest_itemcollected [hook]
          item: <Function test_32bit_pattern[4194304]>
      finish pytest_itemcollected --> [] [hook]
    genitems <Function test_32bit_pattern[8388608]> [collection]
      pytest_itemcollected [hook]
          item: <Function test_32bit_pattern[8388608]>
      finish pytest_itemcollected --> [] [hook]
    genitems <Function test_32bit_pattern[15728640]> [collection]
      pytest_itemcollected [hook]
          item: <Function test_32bit_pattern[15728640]>
      finish pytest_itemcollected --> [] [hook]
    genitems <Function test_32bit_pattern[16777216]> [collection]
      pytest_itemcollected [hook]
          item: <Function test_32bit_pattern[16777216]>
      finish pytest_itemcollected --> [] [hook]
    genitems <Function test_32bit_pattern[33554432]> [collection]
      pytest_itemcollected [hook]
          item: <Function test_32bit_pattern[33554432]>
      finish pytest_itemcollected --> [] [hook]
    genitems <Function test_32bit_pattern[67108864]> [collection]
      pytest_itemcollected [hook]
          item: <Function test_32bit_pattern[67108864]>
      finish pytest_itemcollected --> [] [hook]
    genitems <Function test_32bit_pattern[134217728]> [collection]
      pytest_itemcollected [hook]
          item: <Function test_32bit_pattern[134217728]>
      finish pytest_itemcollected --> [] [hook]
    genitems <Function test_32bit_pattern[251658240]> [collection]
      pytest_itemcollected [hook]
          item: <Function test_32bit_pattern[251658240]>
      finish pytest_itemcollected --> [] [hook]
    genitems <Function test_32bit_pattern[268435456]> [collection]
      pytest_itemcollected [hook]
          item: <Function test_32bit_pattern[268435456]>
      finish pytest_itemcollected --> [] [hook]
    genitems <Function test_32bit_pattern[536870912]> [collection]
      pytest_itemcollected [hook]
          item: <Function test_32bit_pattern[536870912]>
      finish pytest_itemcollected --> [] [hook]
    genitems <Function test_32bit_pattern[1073741824]> [collection]
      pytest_itemcollected [hook]
          item: <Function test_32bit_pattern[1073741824]>
      finish pytest_itemcollected --> [] [hook]
    genitems <Function test_32bit_pattern[2147483648]> [collection]
      pytest_itemcollected [hook]
          item: <Function test_32bit_pattern[2147483648]>
      finish pytest_itemcollected --> [] [hook]
    genitems <Function test_32bit_pattern[4026531840]> [collection]
      pytest_itemcollected [hook]
          item: <Function test_32bit_pattern[4026531840]>
      finish pytest_itemcollected --> [] [hook]
    genitems <Function test_32bit_pattern[1431655765]> [collection]
      pytest_itemcollected [hook]
          item: <Function test_32bit_pattern[1431655765]>
      finish pytest_itemcollected --> [] [hook]
    genitems <Function test_32bit_pattern[2863311530]> [collection]
      pytest_itemcollected [hook]
          item: <Function test_32bit_pattern[2863311530]>
      finish pytest_itemcollected --> [] [hook]
    genitems <Function test_32bit_pattern[268435455]> [collection]
      pytest_itemcollected [hook]
          item: <Function test_32bit_pattern[268435455]>
      finish pytest_itemcollected --> [] [hook]
      pytest_collectreport [hook]
          report: <CollectReport 'scripts/test_basic.py' lenresult=69 outcome='passed'>
      finish pytest_collectreport --> [] [hook]
    genitems <Module scripts/test_command_interface.py> [collection]
      pytest_collectstart [hook]
          collector: <Module scripts/test_command_interface.py>
      finish pytest_collectstart --> [] [hook]
      pytest_make_collect_report [hook]
          collector: <Module scripts/test_command_interface.py>
      find_module called for: test_command_interface [assertion]
      matched test file '/home/sven/Repos/dali_usb_lpc1114/tests/scripts/test_command_interface.py' [assertion]
      found cached rewritten pyc for /home/sven/Repos/dali_usb_lpc1114/tests/scripts/test_command_interface.py [assertion]
        pytest_pycollect_makeitem [hook]
            collector: <Module scripts/test_command_interface.py>
            name: @py_builtins
            obj: <module 'builtins' (built-in)>
        finish pytest_pycollect_makeitem --> None [hook]
        pytest_pycollect_makeitem [hook]
            collector: <Module scripts/test_command_interface.py>
            name: @pytest_ar
            obj: <module '_pytest.assertion.rewrite' from '/home/sven/Repos/dali_usb_lpc1114/tests/venv/lib/python3.10/site-packages/_pytest/assertion/rewrite.py'>
        finish pytest_pycollect_makeitem --> None [hook]
        pytest_pycollect_makeitem [hook]
            collector: <Module scripts/test_command_interface.py>
            name: pytest
            obj: <module 'pytest' from '/home/sven/Repos/dali_usb_lpc1114/tests/venv/lib/python3.10/site-packages/pytest/__init__.py'>
        finish pytest_pycollect_makeitem --> None [hook]
        pytest_pycollect_makeitem [hook]
            collector: <Module scripts/test_command_interface.py>
            name: logging
            obj: <module 'logging' from '/usr/lib/python3.10/logging/__init__.py'>
        finish pytest_pycollect_makeitem --> None [hook]
        pytest_pycollect_makeitem [hook]
            collector: <Module scripts/test_command_interface.py>
            name: time
            obj: <module 'time' (built-in)>
        finish pytest_pycollect_makeitem --> None [hook]
        pytest_pycollect_makeitem [hook]
            collector: <Module scripts/test_command_interface.py>
            name: logger
            obj: <Logger test_command_interface (INFO)>
        finish pytest_pycollect_makeitem --> None [hook]
        pytest_pycollect_makeitem [hook]
            collector: <Module scripts/test_command_interface.py>
            name: timeout_time_sec
            obj: 2
        finish pytest_pycollect_makeitem --> None [hook]
        pytest_pycollect_makeitem [hook]
            collector: <Module scripts/test_command_interface.py>
            name: test_version
            obj: <function test_version at 0x7fc99efce9e0>
          pytest_generate_tests [hook]
              metafunc: <_pytest.python.Metafunc object at 0x7fc99f1c9de0>
          finish pytest_generate_tests --> [] [hook]
        finish pytest_pycollect_makeitem --> [<Function test_version>] [hook]
        pytest_pycollect_makeitem [hook]
            collector: <Module scripts/test_command_interface.py>
            name: test_bad_parameter
            obj: <function test_bad_parameter at 0x7fc99efcea70>
          pytest_generate_tests [hook]
              metafunc: <_pytest.python.Metafunc object at 0x7fc99f1c9de0>
          finish pytest_generate_tests --> [] [hook]
        finish pytest_pycollect_makeitem --> [<Function test_bad_parameter>] [hook]
      finish pytest_make_collect_report --> <CollectReport 'scripts/test_command_interface.py' lenresult=2 outcome='passed'> [hook]
    genitems <Function test_version> [collection]
      pytest_itemcollected [hook]
          item: <Function test_version>
      finish pytest_itemcollected --> [] [hook]
    genitems <Function test_bad_parameter> [collection]
      pytest_itemcollected [hook]
          item: <Function test_bad_parameter>
      finish pytest_itemcollected --> [] [hook]
      pytest_collectreport [hook]
          report: <CollectReport 'scripts/test_command_interface.py' lenresult=2 outcome='passed'>
      finish pytest_collectreport --> [] [hook]
    genitems <Module scripts/test_timing.py> [collection]
      pytest_collectstart [hook]
          collector: <Module scripts/test_timing.py>
      finish pytest_collectstart --> [] [hook]
      pytest_make_collect_report [hook]
          collector: <Module scripts/test_timing.py>
      find_module called for: test_timing [assertion]
      matched test file '/home/sven/Repos/dali_usb_lpc1114/tests/scripts/test_timing.py' [assertion]
      found cached rewritten pyc for /home/sven/Repos/dali_usb_lpc1114/tests/scripts/test_timing.py [assertion]
        pytest_pycollect_makeitem [hook]
            collector: <Module scripts/test_timing.py>
            name: @py_builtins
            obj: <module 'builtins' (built-in)>
        finish pytest_pycollect_makeitem --> None [hook]
        pytest_pycollect_makeitem [hook]
            collector: <Module scripts/test_timing.py>
            name: @pytest_ar
            obj: <module '_pytest.assertion.rewrite' from '/home/sven/Repos/dali_usb_lpc1114/tests/venv/lib/python3.10/site-packages/_pytest/assertion/rewrite.py'>
        finish pytest_pycollect_makeitem --> None [hook]
        pytest_pycollect_makeitem [hook]
            collector: <Module scripts/test_timing.py>
            name: pytest
            obj: <module 'pytest' from '/home/sven/Repos/dali_usb_lpc1114/tests/venv/lib/python3.10/site-packages/pytest/__init__.py'>
        finish pytest_pycollect_makeitem --> None [hook]
        pytest_pycollect_makeitem [hook]
            collector: <Module scripts/test_timing.py>
            name: logging
            obj: <module 'logging' from '/usr/lib/python3.10/logging/__init__.py'>
        finish pytest_pycollect_makeitem --> None [hook]
        pytest_pycollect_makeitem [hook]
            collector: <Module scripts/test_timing.py>
            name: time
            obj: <module 'time' (built-in)>
        finish pytest_pycollect_makeitem --> None [hook]
        pytest_pycollect_makeitem [hook]
            collector: <Module scripts/test_timing.py>
            name: DaliSerial
            obj: <class 'connection.serial.DaliSerial'>
        finish pytest_pycollect_makeitem --> None [hook]
        pytest_pycollect_makeitem [hook]
            collector: <Module scripts/test_timing.py>
            name: DaliStatus
            obj: <class 'connection.status.DaliStatus'>
        finish pytest_pycollect_makeitem --> None [hook]
        pytest_pycollect_makeitem [hook]
            collector: <Module scripts/test_timing.py>
            name: logger
            obj: <Logger test_timing (INFO)>
        finish pytest_pycollect_makeitem --> None [hook]
        pytest_pycollect_makeitem [hook]
            collector: <Module scripts/test_timing.py>
            name: set_up_and_send_sequence
            obj: <function set_up_and_send_sequence at 0x7fc99efcd7e0>
        finish pytest_pycollect_makeitem --> None [hook]
        pytest_pycollect_makeitem [hook]
            collector: <Module scripts/test_timing.py>
            name: read_result_and_assert
            obj: <function read_result_and_assert at 0x7fc99efcd870>
        finish pytest_pycollect_makeitem --> None [hook]
        pytest_pycollect_makeitem [hook]
            collector: <Module scripts/test_timing.py>
            name: test_legal_bittiming
            obj: <function test_legal_bittiming at 0x7fc99efcd900>
          pytest_generate_tests [hook]
              metafunc: <_pytest.python.Metafunc object at 0x7fc99f009600>
          finish pytest_generate_tests --> [] [hook]
        finish pytest_pycollect_makeitem --> [<Function test_legal_bittiming>] [hook]
        pytest_pycollect_makeitem [hook]
            collector: <Module scripts/test_timing.py>
            name: test_more_legal_timings
            obj: <function test_more_legal_timings at 0x7fc99efcd990>
          pytest_generate_tests [hook]
              metafunc: <_pytest.python.Metafunc object at 0x7fc99f009540>
            pytest_make_parametrize_id [hook]
                config: <_pytest.config.Config object at 0x7fc99f29c1c0>
                val: 1
                argname: index
            finish pytest_make_parametrize_id --> None [hook]
            pytest_make_parametrize_id [hook]
                config: <_pytest.config.Config object at 0x7fc99f29c1c0>
                val: 0
                argname: value
            finish pytest_make_parametrize_id --> None [hook]
            pytest_make_parametrize_id [hook]
                config: <_pytest.config.Config object at 0x7fc99f29c1c0>
                val: 3
                argname: index
            finish pytest_make_parametrize_id --> None [hook]
            pytest_make_parametrize_id [hook]
                config: <_pytest.config.Config object at 0x7fc99f29c1c0>
                val: 128
                argname: value
            finish pytest_make_parametrize_id --> None [hook]
            pytest_make_parametrize_id [hook]
                config: <_pytest.config.Config object at 0x7fc99f29c1c0>
                val: 5
                argname: index
            finish pytest_make_parametrize_id --> None [hook]
            pytest_make_parametrize_id [hook]
                config: <_pytest.config.Config object at 0x7fc99f29c1c0>
                val: 192
                argname: value
            finish pytest_make_parametrize_id --> None [hook]
            pytest_make_parametrize_id [hook]
                config: <_pytest.config.Config object at 0x7fc99f29c1c0>
                val: 7
                argname: index
            finish pytest_make_parametrize_id --> None [hook]
            pytest_make_parametrize_id [hook]
                config: <_pytest.config.Config object at 0x7fc99f29c1c0>
                val: 224
                argname: value
            finish pytest_make_parametrize_id --> None [hook]
            pytest_make_parametrize_id [hook]
                config: <_pytest.config.Config object at 0x7fc99f29c1c0>
                val: 9
                argname: index
            finish pytest_make_parametrize_id --> None [hook]
            pytest_make_parametrize_id [hook]
                config: <_pytest.config.Config object at 0x7fc99f29c1c0>
                val: 240
                argname: value
            finish pytest_make_parametrize_id --> None [hook]
            pytest_make_parametrize_id [hook]
                config: <_pytest.config.Config object at 0x7fc99f29c1c0>
                val: 11
                argname: index
            finish pytest_make_parametrize_id --> None [hook]
            pytest_make_parametrize_id [hook]
                config: <_pytest.config.Config object at 0x7fc99f29c1c0>
                val: 248
                argname: value
            finish pytest_make_parametrize_id --> None [hook]
            pytest_make_parametrize_id [hook]
                config: <_pytest.config.Config object at 0x7fc99f29c1c0>
                val: 13
                argname: index
            finish pytest_make_parametrize_id --> None [hook]
            pytest_make_parametrize_id [hook]
                config: <_pytest.config.Config object at 0x7fc99f29c1c0>
                val: 252
                argname: value
            finish pytest_make_parametrize_id --> None [hook]
            pytest_make_parametrize_id [hook]
                config: <_pytest.config.Config object at 0x7fc99f29c1c0>
                val: 15
                argname: index
            finish pytest_make_parametrize_id --> None [hook]
            pytest_make_parametrize_id [hook]
                config: <_pytest.config.Config object at 0x7fc99f29c1c0>
                val: 254
                argname: value
            finish pytest_make_parametrize_id --> None [hook]
          finish pytest_generate_tests --> [] [hook]
        finish pytest_pycollect_makeitem --> [<Function test_more_legal_timings[1-0]>, <Function test_more_legal_timings[3-128]>, <Function test_more_legal_timings[5-192]>, <Function test_more_legal_timings[7-224]>, <Function test_more_legal_timings[9-240]>, <Function test_more_legal_timings[11-248]>, <Function test_more_legal_timings[13-252]>, <Function test_more_legal_timings[15-254]>] [hook]
        pytest_pycollect_makeitem [hook]
            collector: <Module scripts/test_timing.py>
            name: test_startbit_lengths
            obj: <function test_startbit_lengths at 0x7fc99efcdab0>
          pytest_generate_tests [hook]
              metafunc: <_pytest.python.Metafunc object at 0x7fc99f0097e0>
            pytest_make_parametrize_id [hook]
                config: <_pytest.config.Config object at 0x7fc99f29c1c0>
                val: 200
                argname: length_us
            finish pytest_make_parametrize_id --> None [hook]
            pytest_make_parametrize_id [hook]
                config: <_pytest.config.Config object at 0x7fc99f29c1c0>
                val: 4
                argname: expected_code
            finish pytest_make_parametrize_id --> None [hook]
            pytest_make_parametrize_id [hook]
                config: <_pytest.config.Config object at 0x7fc99f29c1c0>
                val: 250
                argname: length_us
            finish pytest_make_parametrize_id --> None [hook]
            pytest_make_parametrize_id [hook]
                config: <_pytest.config.Config object at 0x7fc99f29c1c0>
                val: 4
                argname: expected_code
            finish pytest_make_parametrize_id --> None [hook]
            pytest_make_parametrize_id [hook]
                config: <_pytest.config.Config object at 0x7fc99f29c1c0>
                val: 300
                argname: length_us
            finish pytest_make_parametrize_id --> None [hook]
            pytest_make_parametrize_id [hook]
                config: <_pytest.config.Config object at 0x7fc99f29c1c0>
                val: 4
                argname: expected_code
            finish pytest_make_parametrize_id --> None [hook]
            pytest_make_parametrize_id [hook]
                config: <_pytest.config.Config object at 0x7fc99f29c1c0>
                val: 350
                argname: length_us
            finish pytest_make_parametrize_id --> None [hook]
            pytest_make_parametrize_id [hook]
                config: <_pytest.config.Config object at 0x7fc99f29c1c0>
                val: 0
                argname: expected_code
            finish pytest_make_parametrize_id --> None [hook]
            pytest_make_parametrize_id [hook]
                config: <_pytest.config.Config object at 0x7fc99f29c1c0>
                val: 400
                argname: length_us
            finish pytest_make_parametrize_id --> None [hook]
            pytest_make_parametrize_id [hook]
                config: <_pytest.config.Config object at 0x7fc99f29c1c0>
                val: 0
                argname: expected_code
            finish pytest_make_parametrize_id --> None [hook]
            pytest_make_parametrize_id [hook]
                config: <_pytest.config.Config object at 0x7fc99f29c1c0>
                val: 450
                argname: length_us
            finish pytest_make_parametrize_id --> None [hook]
            pytest_make_parametrize_id [hook]
                config: <_pytest.config.Config object at 0x7fc99f29c1c0>
                val: 0
                argname: expected_code
            finish pytest_make_parametrize_id --> None [hook]
            pytest_make_parametrize_id [hook]
                config: <_pytest.config.Config object at 0x7fc99f29c1c0>
                val: 500
                argname: length_us
            finish pytest_make_parametrize_id --> None [hook]
            pytest_make_parametrize_id [hook]
                config: <_pytest.config.Config object at 0x7fc99f29c1c0>
                val: 0
                argname: expected_code
            finish pytest_make_parametrize_id --> None [hook]
            pytest_make_parametrize_id [hook]
                config: <_pytest.config.Config object at 0x7fc99f29c1c0>
                val: 750
                argname: length_us
            finish pytest_make_parametrize_id --> None [hook]
            pytest_make_parametrize_id [hook]
                config: <_pytest.config.Config object at 0x7fc99f29c1c0>
                val: 4
                argname: expected_code
            finish pytest_make_parametrize_id --> None [hook]
            pytest_make_parametrize_id [hook]
                config: <_pytest.config.Config object at 0x7fc99f29c1c0>
                val: 1000
                argname: length_us
            finish pytest_make_parametrize_id --> None [hook]
            pytest_make_parametrize_id [hook]
                config: <_pytest.config.Config object at 0x7fc99f29c1c0>
                val: 4
                argname: expected_code
            finish pytest_make_parametrize_id --> None [hook]
            pytest_make_parametrize_id [hook]
                config: <_pytest.config.Config object at 0x7fc99f29c1c0>
                val: 1500
                argname: length_us
            finish pytest_make_parametrize_id --> None [hook]
            pytest_make_parametrize_id [hook]
                config: <_pytest.config.Config object at 0x7fc99f29c1c0>
                val: 4
                argname: expected_code
            finish pytest_make_parametrize_id --> None [hook]
            pytest_make_parametrize_id [hook]
                config: <_pytest.config.Config object at 0x7fc99f29c1c0>
                val: 2000
                argname: length_us
            finish pytest_make_parametrize_id --> None [hook]
            pytest_make_parametrize_id [hook]
                config: <_pytest.config.Config object at 0x7fc99f29c1c0>
                val: 4
                argname: expected_code
            finish pytest_make_parametrize_id --> None [hook]
            pytest_make_parametrize_id [hook]
                config: <_pytest.config.Config object at 0x7fc99f29c1c0>
                val: 2500
                argname: length_us
            finish pytest_make_parametrize_id --> None [hook]
            pytest_make_parametrize_id [hook]
                config: <_pytest.config.Config object at 0x7fc99f29c1c0>
                val: 4
                argname: expected_code
            finish pytest_make_parametrize_id --> None [hook]
            pytest_make_parametrize_id [hook]
                config: <_pytest.config.Config object at 0x7fc99f29c1c0>
                val: 4000
                argname: length_us
            finish pytest_make_parametrize_id --> None [hook]
            pytest_make_parametrize_id [hook]
                config: <_pytest.config.Config object at 0x7fc99f29c1c0>
                val: 4
                argname: expected_code
            finish pytest_make_parametrize_id --> None [hook]
            pytest_make_parametrize_id [hook]
                config: <_pytest.config.Config object at 0x7fc99f29c1c0>
                val: 10000
                argname: length_us
            finish pytest_make_parametrize_id --> None [hook]
            pytest_make_parametrize_id [hook]
                config: <_pytest.config.Config object at 0x7fc99f29c1c0>
                val: 4
                argname: expected_code
            finish pytest_make_parametrize_id --> None [hook]
            pytest_make_parametrize_id [hook]
                config: <_pytest.config.Config object at 0x7fc99f29c1c0>
                val: 20000
                argname: length_us
            finish pytest_make_parametrize_id --> None [hook]
            pytest_make_parametrize_id [hook]
                config: <_pytest.config.Config object at 0x7fc99f29c1c0>
                val: 4
                argname: expected_code
            finish pytest_make_parametrize_id --> None [hook]
            pytest_make_parametrize_id [hook]
                config: <_pytest.config.Config object at 0x7fc99f29c1c0>
                val: 50000
                argname: length_us
            finish pytest_make_parametrize_id --> None [hook]
            pytest_make_parametrize_id [hook]
                config: <_pytest.config.Config object at 0x7fc99f29c1c0>
                val: 4
                argname: expected_code
            finish pytest_make_parametrize_id --> None [hook]
            pytest_make_parametrize_id [hook]
                config: <_pytest.config.Config object at 0x7fc99f29c1c0>
                val: 100000
                argname: length_us
            finish pytest_make_parametrize_id --> None [hook]
            pytest_make_parametrize_id [hook]
                config: <_pytest.config.Config object at 0x7fc99f29c1c0>
                val: 4
                argname: expected_code
            finish pytest_make_parametrize_id --> None [hook]
            pytest_make_parametrize_id [hook]
                config: <_pytest.config.Config object at 0x7fc99f29c1c0>
                val: 500000
                argname: length_us
            finish pytest_make_parametrize_id --> None [hook]
            pytest_make_parametrize_id [hook]
                config: <_pytest.config.Config object at 0x7fc99f29c1c0>
                val: 4
                argname: expected_code
            finish pytest_make_parametrize_id --> None [hook]
          finish pytest_generate_tests --> [] [hook]
        finish pytest_pycollect_makeitem --> [<Function test_startbit_lengths[200-4]>, <Function test_startbit_lengths[250-4]>, <Function test_startbit_lengths[300-4]>, <Function test_startbit_lengths[350-0]>, <Function test_startbit_lengths[400-0]>, <Function test_startbit_lengths[450-0]>, <Function test_startbit_lengths[500-0]>, <Function test_startbit_lengths[750-4]>, <Function test_startbit_lengths[1000-4]>, <Function test_startbit_lengths[1500-4]>, <Function test_startbit_lengths[2000-4]>, <Function test_startbit_lengths[2500-4]>, <Function test_startbit_lengths[4000-4]>, <Function test_startbit_lengths[10000-4]>, <Function test_startbit_lengths[20000-4]>, <Function test_startbit_lengths[50000-4]>, <Function test_startbit_lengths[100000-4]>, <Function test_startbit_lengths[500000-4]>] [hook]
        pytest_pycollect_makeitem [hook]
            collector: <Module scripts/test_timing.py>
            name: test_system_failures
            obj: <function test_system_failures at 0x7fc99efcdb40>
          pytest_generate_tests [hook]
              metafunc: <_pytest.python.Metafunc object at 0x7fc99f009c30>
            pytest_make_parametrize_id [hook]
                config: <_pytest.config.Config object at 0x7fc99f29c1c0>
                val: 600000
                argname: length_us
            finish pytest_make_parametrize_id --> None [hook]
            pytest_make_parametrize_id [hook]
                config: <_pytest.config.Config object at 0x7fc99f29c1c0>
                val: 800000
                argname: length_us
            finish pytest_make_parametrize_id --> None [hook]
            pytest_make_parametrize_id [hook]
                config: <_pytest.config.Config object at 0x7fc99f29c1c0>
                val: 1000000
                argname: length_us
            finish pytest_make_parametrize_id --> None [hook]
          finish pytest_generate_tests --> [] [hook]
        finish pytest_pycollect_makeitem --> [<Function test_system_failures[600000]>, <Function test_system_failures[800000]>, <Function test_system_failures[1000000]>] [hook]
      finish pytest_make_collect_report --> <CollectReport 'scripts/test_timing.py' lenresult=30 outcome='passed'> [hook]
    genitems <Function test_legal_bittiming> [collection]
      pytest_itemcollected [hook]
          item: <Function test_legal_bittiming>
      finish pytest_itemcollected --> [] [hook]
    genitems <Function test_more_legal_timings[1-0]> [collection]
      pytest_itemcollected [hook]
          item: <Function test_more_legal_timings[1-0]>
      finish pytest_itemcollected --> [] [hook]
    genitems <Function test_more_legal_timings[3-128]> [collection]
      pytest_itemcollected [hook]
          item: <Function test_more_legal_timings[3-128]>
      finish pytest_itemcollected --> [] [hook]
    genitems <Function test_more_legal_timings[5-192]> [collection]
      pytest_itemcollected [hook]
          item: <Function test_more_legal_timings[5-192]>
      finish pytest_itemcollected --> [] [hook]
    genitems <Function test_more_legal_timings[7-224]> [collection]
      pytest_itemcollected [hook]
          item: <Function test_more_legal_timings[7-224]>
      finish pytest_itemcollected --> [] [hook]
    genitems <Function test_more_legal_timings[9-240]> [collection]
      pytest_itemcollected [hook]
          item: <Function test_more_legal_timings[9-240]>
      finish pytest_itemcollected --> [] [hook]
    genitems <Function test_more_legal_timings[11-248]> [collection]
      pytest_itemcollected [hook]
          item: <Function test_more_legal_timings[11-248]>
      finish pytest_itemcollected --> [] [hook]
    genitems <Function test_more_legal_timings[13-252]> [collection]
      pytest_itemcollected [hook]
          item: <Function test_more_legal_timings[13-252]>
      finish pytest_itemcollected --> [] [hook]
    genitems <Function test_more_legal_timings[15-254]> [collection]
      pytest_itemcollected [hook]
          item: <Function test_more_legal_timings[15-254]>
      finish pytest_itemcollected --> [] [hook]
    genitems <Function test_startbit_lengths[200-4]> [collection]
      pytest_itemcollected [hook]
          item: <Function test_startbit_lengths[200-4]>
      finish pytest_itemcollected --> [] [hook]
    genitems <Function test_startbit_lengths[250-4]> [collection]
      pytest_itemcollected [hook]
          item: <Function test_startbit_lengths[250-4]>
      finish pytest_itemcollected --> [] [hook]
    genitems <Function test_startbit_lengths[300-4]> [collection]
      pytest_itemcollected [hook]
          item: <Function test_startbit_lengths[300-4]>
      finish pytest_itemcollected --> [] [hook]
    genitems <Function test_startbit_lengths[350-0]> [collection]
      pytest_itemcollected [hook]
          item: <Function test_startbit_lengths[350-0]>
      finish pytest_itemcollected --> [] [hook]
    genitems <Function test_startbit_lengths[400-0]> [collection]
      pytest_itemcollected [hook]
          item: <Function test_startbit_lengths[400-0]>
      finish pytest_itemcollected --> [] [hook]
    genitems <Function test_startbit_lengths[450-0]> [collection]
      pytest_itemcollected [hook]
          item: <Function test_startbit_lengths[450-0]>
      finish pytest_itemcollected --> [] [hook]
    genitems <Function test_startbit_lengths[500-0]> [collection]
      pytest_itemcollected [hook]
          item: <Function test_startbit_lengths[500-0]>
      finish pytest_itemcollected --> [] [hook]
    genitems <Function test_startbit_lengths[750-4]> [collection]
      pytest_itemcollected [hook]
          item: <Function test_startbit_lengths[750-4]>
      finish pytest_itemcollected --> [] [hook]
    genitems <Function test_startbit_lengths[1000-4]> [collection]
      pytest_itemcollected [hook]
          item: <Function test_startbit_lengths[1000-4]>
      finish pytest_itemcollected --> [] [hook]
    genitems <Function test_startbit_lengths[1500-4]> [collection]
      pytest_itemcollected [hook]
          item: <Function test_startbit_lengths[1500-4]>
      finish pytest_itemcollected --> [] [hook]
    genitems <Function test_startbit_lengths[2000-4]> [collection]
      pytest_itemcollected [hook]
          item: <Function test_startbit_lengths[2000-4]>
      finish pytest_itemcollected --> [] [hook]
    genitems <Function test_startbit_lengths[2500-4]> [collection]
      pytest_itemcollected [hook]
          item: <Function test_startbit_lengths[2500-4]>
      finish pytest_itemcollected --> [] [hook]
    genitems <Function test_startbit_lengths[4000-4]> [collection]
      pytest_itemcollected [hook]
          item: <Function test_startbit_lengths[4000-4]>
      finish pytest_itemcollected --> [] [hook]
    genitems <Function test_startbit_lengths[10000-4]> [collection]
      pytest_itemcollected [hook]
          item: <Function test_startbit_lengths[10000-4]>
      finish pytest_itemcollected --> [] [hook]
    genitems <Function test_startbit_lengths[20000-4]> [collection]
      pytest_itemcollected [hook]
          item: <Function test_startbit_lengths[20000-4]>
      finish pytest_itemcollected --> [] [hook]
    genitems <Function test_startbit_lengths[50000-4]> [collection]
      pytest_itemcollected [hook]
          item: <Function test_startbit_lengths[50000-4]>
      finish pytest_itemcollected --> [] [hook]
    genitems <Function test_startbit_lengths[100000-4]> [collection]
      pytest_itemcollected [hook]
          item: <Function test_startbit_lengths[100000-4]>
      finish pytest_itemcollected --> [] [hook]
    genitems <Function test_startbit_lengths[500000-4]> [collection]
      pytest_itemcollected [hook]
          item: <Function test_startbit_lengths[500000-4]>
      finish pytest_itemcollected --> [] [hook]
    genitems <Function test_system_failures[600000]> [collection]
      pytest_itemcollected [hook]
          item: <Function test_system_failures[600000]>
      finish pytest_itemcollected --> [] [hook]
    genitems <Function test_system_failures[800000]> [collection]
      pytest_itemcollected [hook]
          item: <Function test_system_failures[800000]>
      finish pytest_itemcollected --> [] [hook]
    genitems <Function test_system_failures[1000000]> [collection]
      pytest_itemcollected [hook]
          item: <Function test_system_failures[1000000]>
      finish pytest_itemcollected --> [] [hook]
      pytest_collectreport [hook]
          report: <CollectReport 'scripts/test_timing.py' lenresult=30 outcome='passed'>
      finish pytest_collectreport --> [] [hook]
    genitems <Module scripts/test_tx_multiple.py> [collection]
      pytest_collectstart [hook]
          collector: <Module scripts/test_tx_multiple.py>
      finish pytest_collectstart --> [] [hook]
      pytest_make_collect_report [hook]
          collector: <Module scripts/test_tx_multiple.py>
      find_module called for: test_tx_multiple [assertion]
      matched test file '/home/sven/Repos/dali_usb_lpc1114/tests/scripts/test_tx_multiple.py' [assertion]
      found cached rewritten pyc for /home/sven/Repos/dali_usb_lpc1114/tests/scripts/test_tx_multiple.py [assertion]
        pytest_pycollect_makeitem [hook]
            collector: <Module scripts/test_tx_multiple.py>
            name: @py_builtins
            obj: <module 'builtins' (built-in)>
        finish pytest_pycollect_makeitem --> None [hook]
        pytest_pycollect_makeitem [hook]
            collector: <Module scripts/test_tx_multiple.py>
            name: @pytest_ar
            obj: <module '_pytest.assertion.rewrite' from '/home/sven/Repos/dali_usb_lpc1114/tests/venv/lib/python3.10/site-packages/_pytest/assertion/rewrite.py'>
        finish pytest_pycollect_makeitem --> None [hook]
        pytest_pycollect_makeitem [hook]
            collector: <Module scripts/test_tx_multiple.py>
            name: pytest
            obj: <module 'pytest' from '/home/sven/Repos/dali_usb_lpc1114/tests/venv/lib/python3.10/site-packages/pytest/__init__.py'>
        finish pytest_pycollect_makeitem --> None [hook]
        pytest_pycollect_makeitem [hook]
            collector: <Module scripts/test_tx_multiple.py>
            name: logging
            obj: <module 'logging' from '/usr/lib/python3.10/logging/__init__.py'>
        finish pytest_pycollect_makeitem --> None [hook]
        pytest_pycollect_makeitem [hook]
            collector: <Module scripts/test_tx_multiple.py>
            name: time
            obj: <module 'time' (built-in)>
        finish pytest_pycollect_makeitem --> None [hook]
        pytest_pycollect_makeitem [hook]
            collector: <Module scripts/test_tx_multiple.py>
            name: logger
            obj: <Logger test_tx_multiple (INFO)>
        finish pytest_pycollect_makeitem --> None [hook]
        pytest_pycollect_makeitem [hook]
            collector: <Module scripts/test_tx_multiple.py>
            name: read_one_frame
            obj: <function read_one_frame at 0x7fc99efcec20>
        finish pytest_pycollect_makeitem --> None [hook]
        pytest_pycollect_makeitem [hook]
            collector: <Module scripts/test_tx_multiple.py>
            name: test_settling_priority
            obj: <function test_settling_priority at 0x7fc99efcecb0>
          pytest_generate_tests [hook]
              metafunc: <_pytest.python.Metafunc object at 0x7fc99f00a530>
            pytest_make_parametrize_id [hook]
                config: <_pytest.config.Config object at 0x7fc99f29c1c0>
                val: T0 10 FF00
                argname: cmd
            finish pytest_make_parametrize_id --> None [hook]
          early skip of rewriting module: encodings.unicode_escape [assertion]
            pytest_make_parametrize_id [hook]
                config: <_pytest.config.Config object at 0x7fc99f29c1c0>
                val: 5500
                argname: settling
            finish pytest_make_parametrize_id --> None [hook]
            pytest_make_parametrize_id [hook]
                config: <_pytest.config.Config object at 0x7fc99f29c1c0>
                val: 65280
                argname: data
            finish pytest_make_parametrize_id --> None [hook]
            pytest_make_parametrize_id [hook]
                config: <_pytest.config.Config object at 0x7fc99f29c1c0>
                val: T1 10 00FF
                argname: cmd
            finish pytest_make_parametrize_id --> None [hook]
            pytest_make_parametrize_id [hook]
                config: <_pytest.config.Config object at 0x7fc99f29c1c0>
                val: 13500
                argname: settling
            finish pytest_make_parametrize_id --> None [hook]
            pytest_make_parametrize_id [hook]
                config: <_pytest.config.Config object at 0x7fc99f29c1c0>
                val: 255
                argname: data
            finish pytest_make_parametrize_id --> None [hook]
            pytest_make_parametrize_id [hook]
                config: <_pytest.config.Config object at 0x7fc99f29c1c0>
                val: T2 10 FF00
                argname: cmd
            finish pytest_make_parametrize_id --> None [hook]
            pytest_make_parametrize_id [hook]
                config: <_pytest.config.Config object at 0x7fc99f29c1c0>
                val: 14900
                argname: settling
            finish pytest_make_parametrize_id --> None [hook]
            pytest_make_parametrize_id [hook]
                config: <_pytest.config.Config object at 0x7fc99f29c1c0>
                val: 65280
                argname: data
            finish pytest_make_parametrize_id --> None [hook]
            pytest_make_parametrize_id [hook]
                config: <_pytest.config.Config object at 0x7fc99f29c1c0>
                val: T3 10 00FF
                argname: cmd
            finish pytest_make_parametrize_id --> None [hook]
            pytest_make_parametrize_id [hook]
                config: <_pytest.config.Config object at 0x7fc99f29c1c0>
                val: 16300
                argname: settling
            finish pytest_make_parametrize_id --> None [hook]
            pytest_make_parametrize_id [hook]
                config: <_pytest.config.Config object at 0x7fc99f29c1c0>
                val: 255
                argname: data
            finish pytest_make_parametrize_id --> None [hook]
            pytest_make_parametrize_id [hook]
                config: <_pytest.config.Config object at 0x7fc99f29c1c0>
                val: T4 10 FF00
                argname: cmd
            finish pytest_make_parametrize_id --> None [hook]
            pytest_make_parametrize_id [hook]
                config: <_pytest.config.Config object at 0x7fc99f29c1c0>
                val: 17900
                argname: settling
            finish pytest_make_parametrize_id --> None [hook]
            pytest_make_parametrize_id [hook]
                config: <_pytest.config.Config object at 0x7fc99f29c1c0>
                val: 65280
                argname: data
            finish pytest_make_parametrize_id --> None [hook]
            pytest_make_parametrize_id [hook]
                config: <_pytest.config.Config object at 0x7fc99f29c1c0>
                val: T5 10 00FF
                argname: cmd
            finish pytest_make_parametrize_id --> None [hook]
            pytest_make_parametrize_id [hook]
                config: <_pytest.config.Config object at 0x7fc99f29c1c0>
                val: 19500
                argname: settling
            finish pytest_make_parametrize_id --> None [hook]
            pytest_make_parametrize_id [hook]
                config: <_pytest.config.Config object at 0x7fc99f29c1c0>
                val: 255
                argname: data
            finish pytest_make_parametrize_id --> None [hook]
            pytest_make_parametrize_id [hook]
                config: <_pytest.config.Config object at 0x7fc99f29c1c0>
                val: R0 1 10 FF00
                argname: cmd
            finish pytest_make_parametrize_id --> None [hook]
            pytest_make_parametrize_id [hook]
                config: <_pytest.config.Config object at 0x7fc99f29c1c0>
                val: 5500
                argname: settling
            finish pytest_make_parametrize_id --> None [hook]
            pytest_make_parametrize_id [hook]
                config: <_pytest.config.Config object at 0x7fc99f29c1c0>
                val: 65280
                argname: data
            finish pytest_make_parametrize_id --> None [hook]
            pytest_make_parametrize_id [hook]
                config: <_pytest.config.Config object at 0x7fc99f29c1c0>
                val: R1 1 10 00FF
                argname: cmd
            finish pytest_make_parametrize_id --> None [hook]
            pytest_make_parametrize_id [hook]
                config: <_pytest.config.Config object at 0x7fc99f29c1c0>
                val: 13500
                argname: settling
            finish pytest_make_parametrize_id --> None [hook]
            pytest_make_parametrize_id [hook]
                config: <_pytest.config.Config object at 0x7fc99f29c1c0>
                val: 255
                argname: data
            finish pytest_make_parametrize_id --> None [hook]
            pytest_make_parametrize_id [hook]
                config: <_pytest.config.Config object at 0x7fc99f29c1c0>
                val: R2 1 10 FF00
                argname: cmd
            finish pytest_make_parametrize_id --> None [hook]
            pytest_make_parametrize_id [hook]
                config: <_pytest.config.Config object at 0x7fc99f29c1c0>
                val: 14900
                argname: settling
            finish pytest_make_parametrize_id --> None [hook]
            pytest_make_parametrize_id [hook]
                config: <_pytest.config.Config object at 0x7fc99f29c1c0>
                val: 65280
                argname: data
            finish pytest_make_parametrize_id --> None [hook]
            pytest_make_parametrize_id [hook]
                config: <_pytest.config.Config object at 0x7fc99f29c1c0>
                val: R3 1 10 00FF
                argname: cmd
            finish pytest_make_parametrize_id --> None [hook]
            pytest_make_parametrize_id [hook]
                config: <_pytest.config.Config object at 0x7fc99f29c1c0>
                val: 16300
                argname: settling
            finish pytest_make_parametrize_id --> None [hook]
            pytest_make_parametrize_id [hook]
                config: <_pytest.config.Config object at 0x7fc99f29c1c0>
                val: 255
                argname: data
            finish pytest_make_parametrize_id --> None [hook]
            pytest_make_parametrize_id [hook]
                config: <_pytest.config.Config object at 0x7fc99f29c1c0>
                val: R4 1 10 FF00
                argname: cmd
            finish pytest_make_parametrize_id --> None [hook]
            pytest_make_parametrize_id [hook]
                config: <_pytest.config.Config object at 0x7fc99f29c1c0>
                val: 17900
                argname: settling
            finish pytest_make_parametrize_id --> None [hook]
            pytest_make_parametrize_id [hook]
                config: <_pytest.config.Config object at 0x7fc99f29c1c0>
                val: 65280
                argname: data
            finish pytest_make_parametrize_id --> None [hook]
            pytest_make_parametrize_id [hook]
                config: <_pytest.config.Config object at 0x7fc99f29c1c0>
                val: R5 1 10 00FF
                argname: cmd
            finish pytest_make_parametrize_id --> None [hook]
            pytest_make_parametrize_id [hook]
                config: <_pytest.config.Config object at 0x7fc99f29c1c0>
                val: 19500
                argname: settling
            finish pytest_make_parametrize_id --> None [hook]
            pytest_make_parametrize_id [hook]
                config: <_pytest.config.Config object at 0x7fc99f29c1c0>
                val: 255
                argname: data
            finish pytest_make_parametrize_id --> None [hook]
          finish pytest_generate_tests --> [] [hook]
        finish pytest_pycollect_makeitem --> [<Function test_settling_priority[T0 10 FF00\r-5500-65280]>, <Function test_settling_priority[T1 10 00FF\r-13500-255]>, <Function test_settling_priority[T2 10 FF00\r-14900-65280]>, <Function test_settling_priority[T3 10 00FF\r-16300-255]>, <Function test_settling_priority[T4 10 FF00\r-17900-65280]>, <Function test_settling_priority[T5 10 00FF\r-19500-255]>, <Function test_settling_priority[R0 1 10 FF00\r-5500-65280]>, <Function test_settling_priority[R1 1 10 00FF\r-13500-255]>, <Function test_settling_priority[R2 1 10 FF00\r-14900-65280]>, <Function test_settling_priority[R3 1 10 00FF\r-16300-255]>, <Function test_settling_priority[R4 1 10 FF00\r-17900-65280]>, <Function test_settling_priority[R5 1 10 00FF\r-19500-255]>] [hook]
        pytest_pycollect_makeitem [hook]
            collector: <Module scripts/test_tx_multiple.py>
            name: test_repeat
            obj: <function test_repeat at 0x7fc99efced40>
          pytest_generate_tests [hook]
              metafunc: <_pytest.python.Metafunc object at 0x7fc99f00a6b0>
            pytest_make_parametrize_id [hook]
                config: <_pytest.config.Config object at 0x7fc99f29c1c0>
                val: 0
                argname: repeat
            finish pytest_make_parametrize_id --> None [hook]
            pytest_make_parametrize_id [hook]
                config: <_pytest.config.Config object at 0x7fc99f29c1c0>
                val: 4096
                argname: data
            finish pytest_make_parametrize_id --> None [hook]
            pytest_make_parametrize_id [hook]
                config: <_pytest.config.Config object at 0x7fc99f29c1c0>
                val: 1
                argname: repeat
            finish pytest_make_parametrize_id --> None [hook]
            pytest_make_parametrize_id [hook]
                config: <_pytest.config.Config object at 0x7fc99f29c1c0>
                val: 4369
                argname: data
            finish pytest_make_parametrize_id --> None [hook]
            pytest_make_parametrize_id [hook]
                config: <_pytest.config.Config object at 0x7fc99f29c1c0>
                val: 2
                argname: repeat
            finish pytest_make_parametrize_id --> None [hook]
            pytest_make_parametrize_id [hook]
                config: <_pytest.config.Config object at 0x7fc99f29c1c0>
                val: 8224
                argname: data
            finish pytest_make_parametrize_id --> None [hook]
            pytest_make_parametrize_id [hook]
                config: <_pytest.config.Config object at 0x7fc99f29c1c0>
                val: 3
                argname: repeat
            finish pytest_make_parametrize_id --> None [hook]
            pytest_make_parametrize_id [hook]
                config: <_pytest.config.Config object at 0x7fc99f29c1c0>
                val: 13056
                argname: data
            finish pytest_make_parametrize_id --> None [hook]
            pytest_make_parametrize_id [hook]
                config: <_pytest.config.Config object at 0x7fc99f29c1c0>
                val: 4
                argname: repeat
            finish pytest_make_parametrize_id --> None [hook]
            pytest_make_parametrize_id [hook]
                config: <_pytest.config.Config object at 0x7fc99f29c1c0>
                val: 16388
                argname: data
            finish pytest_make_parametrize_id --> None [hook]
            pytest_make_parametrize_id [hook]
                config: <_pytest.config.Config object at 0x7fc99f29c1c0>
                val: 8
                argname: repeat
            finish pytest_make_parametrize_id --> None [hook]
            pytest_make_parametrize_id [hook]
                config: <_pytest.config.Config object at 0x7fc99f29c1c0>
                val: 32768
                argname: data
            finish pytest_make_parametrize_id --> None [hook]
            pytest_make_parametrize_id [hook]
                config: <_pytest.config.Config object at 0x7fc99f29c1c0>
                val: 16
                argname: repeat
            finish pytest_make_parametrize_id --> None [hook]
            pytest_make_parametrize_id [hook]
                config: <_pytest.config.Config object at 0x7fc99f29c1c0>
                val: 61440
                argname: data
            finish pytest_make_parametrize_id --> None [hook]
            pytest_make_parametrize_id [hook]
                config: <_pytest.config.Config object at 0x7fc99f29c1c0>
                val: 32
                argname: repeat
            finish pytest_make_parametrize_id --> None [hook]
            pytest_make_parametrize_id [hook]
                config: <_pytest.config.Config object at 0x7fc99f29c1c0>
                val: 4660
                argname: data
            finish pytest_make_parametrize_id --> None [hook]
            pytest_make_parametrize_id [hook]
                config: <_pytest.config.Config object at 0x7fc99f29c1c0>
                val: 64
                argname: repeat
            finish pytest_make_parametrize_id --> None [hook]
            pytest_make_parametrize_id [hook]
                config: <_pytest.config.Config object at 0x7fc99f29c1c0>
                val: 24565
                argname: data
            finish pytest_make_parametrize_id --> None [hook]
            pytest_make_parametrize_id [hook]
                config: <_pytest.config.Config object at 0x7fc99f29c1c0>
                val: 127
                argname: repeat
            finish pytest_make_parametrize_id --> None [hook]
            pytest_make_parametrize_id [hook]
                config: <_pytest.config.Config object at 0x7fc99f29c1c0>
                val: 4626
                argname: data
            finish pytest_make_parametrize_id --> None [hook]
            pytest_make_parametrize_id [hook]
                config: <_pytest.config.Config object at 0x7fc99f29c1c0>
                val: 255
                argname: repeat
            finish pytest_make_parametrize_id --> None [hook]
            pytest_make_parametrize_id [hook]
                config: <_pytest.config.Config object at 0x7fc99f29c1c0>
                val: 65535
                argname: data
            finish pytest_make_parametrize_id --> None [hook]
          finish pytest_generate_tests --> [] [hook]
        finish pytest_pycollect_makeitem --> [<Function test_repeat[0-4096]>, <Function test_repeat[1-4369]>, <Function test_repeat[2-8224]>, <Function test_repeat[3-13056]>, <Function test_repeat[4-16388]>, <Function test_repeat[8-32768]>, <Function test_repeat[16-61440]>, <Function test_repeat[32-4660]>, <Function test_repeat[64-24565]>, <Function test_repeat[127-4626]>, <Function test_repeat[255-65535]>] [hook]
      finish pytest_make_collect_report --> <CollectReport 'scripts/test_tx_multiple.py' lenresult=23 outcome='passed'> [hook]
    genitems <Function test_settling_priority[T0 10 FF00\r-5500-65280]> [collection]
      pytest_itemcollected [hook]
          item: <Function test_settling_priority[T0 10 FF00\r-5500-65280]>
      finish pytest_itemcollected --> [] [hook]
    genitems <Function test_settling_priority[T1 10 00FF\r-13500-255]> [collection]
      pytest_itemcollected [hook]
          item: <Function test_settling_priority[T1 10 00FF\r-13500-255]>
      finish pytest_itemcollected --> [] [hook]
    genitems <Function test_settling_priority[T2 10 FF00\r-14900-65280]> [collection]
      pytest_itemcollected [hook]
          item: <Function test_settling_priority[T2 10 FF00\r-14900-65280]>
      finish pytest_itemcollected --> [] [hook]
    genitems <Function test_settling_priority[T3 10 00FF\r-16300-255]> [collection]
      pytest_itemcollected [hook]
          item: <Function test_settling_priority[T3 10 00FF\r-16300-255]>
      finish pytest_itemcollected --> [] [hook]
    genitems <Function test_settling_priority[T4 10 FF00\r-17900-65280]> [collection]
      pytest_itemcollected [hook]
          item: <Function test_settling_priority[T4 10 FF00\r-17900-65280]>
      finish pytest_itemcollected --> [] [hook]
    genitems <Function test_settling_priority[T5 10 00FF\r-19500-255]> [collection]
      pytest_itemcollected [hook]
          item: <Function test_settling_priority[T5 10 00FF\r-19500-255]>
      finish pytest_itemcollected --> [] [hook]
    genitems <Function test_settling_priority[R0 1 10 FF00\r-5500-65280]> [collection]
      pytest_itemcollected [hook]
          item: <Function test_settling_priority[R0 1 10 FF00\r-5500-65280]>
      finish pytest_itemcollected --> [] [hook]
    genitems <Function test_settling_priority[R1 1 10 00FF\r-13500-255]> [collection]
      pytest_itemcollected [hook]
          item: <Function test_settling_priority[R1 1 10 00FF\r-13500-255]>
      finish pytest_itemcollected --> [] [hook]
    genitems <Function test_settling_priority[R2 1 10 FF00\r-14900-65280]> [collection]
      pytest_itemcollected [hook]
          item: <Function test_settling_priority[R2 1 10 FF00\r-14900-65280]>
      finish pytest_itemcollected --> [] [hook]
    genitems <Function test_settling_priority[R3 1 10 00FF\r-16300-255]> [collection]
      pytest_itemcollected [hook]
          item: <Function test_settling_priority[R3 1 10 00FF\r-16300-255]>
      finish pytest_itemcollected --> [] [hook]
    genitems <Function test_settling_priority[R4 1 10 FF00\r-17900-65280]> [collection]
      pytest_itemcollected [hook]
          item: <Function test_settling_priority[R4 1 10 FF00\r-17900-65280]>
      finish pytest_itemcollected --> [] [hook]
    genitems <Function test_settling_priority[R5 1 10 00FF\r-19500-255]> [collection]
      pytest_itemcollected [hook]
          item: <Function test_settling_priority[R5 1 10 00FF\r-19500-255]>
      finish pytest_itemcollected --> [] [hook]
    genitems <Function test_repeat[0-4096]> [collection]
      pytest_itemcollected [hook]
          item: <Function test_repeat[0-4096]>
      finish pytest_itemcollected --> [] [hook]
    genitems <Function test_repeat[1-4369]> [collection]
      pytest_itemcollected [hook]
          item: <Function test_repeat[1-4369]>
      finish pytest_itemcollected --> [] [hook]
    genitems <Function test_repeat[2-8224]> [collection]
      pytest_itemcollected [hook]
          item: <Function test_repeat[2-8224]>
      finish pytest_itemcollected --> [] [hook]
    genitems <Function test_repeat[3-13056]> [collection]
      pytest_itemcollected [hook]
          item: <Function test_repeat[3-13056]>
      finish pytest_itemcollected --> [] [hook]
    genitems <Function test_repeat[4-16388]> [collection]
      pytest_itemcollected [hook]
          item: <Function test_repeat[4-16388]>
      finish pytest_itemcollected --> [] [hook]
    genitems <Function test_repeat[8-32768]> [collection]
      pytest_itemcollected [hook]
          item: <Function test_repeat[8-32768]>
      finish pytest_itemcollected --> [] [hook]
    genitems <Function test_repeat[16-61440]> [collection]
      pytest_itemcollected [hook]
          item: <Function test_repeat[16-61440]>
      finish pytest_itemcollected --> [] [hook]
    genitems <Function test_repeat[32-4660]> [collection]
      pytest_itemcollected [hook]
          item: <Function test_repeat[32-4660]>
      finish pytest_itemcollected --> [] [hook]
    genitems <Function test_repeat[64-24565]> [collection]
      pytest_itemcollected [hook]
          item: <Function test_repeat[64-24565]>
      finish pytest_itemcollected --> [] [hook]
    genitems <Function test_repeat[127-4626]> [collection]
      pytest_itemcollected [hook]
          item: <Function test_repeat[127-4626]>
      finish pytest_itemcollected --> [] [hook]
    genitems <Function test_repeat[255-65535]> [collection]
      pytest_itemcollected [hook]
          item: <Function test_repeat[255-65535]>
      finish pytest_itemcollected --> [] [hook]
      pytest_collectreport [hook]
          report: <CollectReport 'scripts/test_tx_multiple.py' lenresult=23 outcome='passed'>
      finish pytest_collectreport --> [] [hook]
    genitems <Package connection> [collection]
      pytest_collectstart [hook]
          collector: <Package connection>
      finish pytest_collectstart --> [] [hook]
      pytest_make_collect_report [hook]
          collector: <Package connection>
        pytest_ignore_collect [hook]
            config: <_pytest.config.Config object at 0x7fc99f29c1c0>
            collection_path: /home/sven/Repos/dali_usb_lpc1114/tests/scripts/connection/hid.py
            path: /home/sven/Repos/dali_usb_lpc1114/tests/scripts/connection/hid.py
        finish pytest_ignore_collect --> None [hook]
        pytest_collect_file [hook]
            parent: <Package connection>
            file_path: /home/sven/Repos/dali_usb_lpc1114/tests/scripts/connection/hid.py
            path: /home/sven/Repos/dali_usb_lpc1114/tests/scripts/connection/hid.py
        finish pytest_collect_file --> [] [hook]
        pytest_ignore_collect [hook]
            config: <_pytest.config.Config object at 0x7fc99f29c1c0>
            collection_path: /home/sven/Repos/dali_usb_lpc1114/tests/scripts/connection/mock.py
            path: /home/sven/Repos/dali_usb_lpc1114/tests/scripts/connection/mock.py
        finish pytest_ignore_collect --> None [hook]
        pytest_collect_file [hook]
            parent: <Package connection>
            file_path: /home/sven/Repos/dali_usb_lpc1114/tests/scripts/connection/mock.py
            path: /home/sven/Repos/dali_usb_lpc1114/tests/scripts/connection/mock.py
        finish pytest_collect_file --> [] [hook]
        pytest_ignore_collect [hook]
            config: <_pytest.config.Config object at 0x7fc99f29c1c0>
            collection_path: /home/sven/Repos/dali_usb_lpc1114/tests/scripts/connection/serial.py
            path: /home/sven/Repos/dali_usb_lpc1114/tests/scripts/connection/serial.py
        finish pytest_ignore_collect --> None [hook]
        pytest_collect_file [hook]
            parent: <Package connection>
            file_path: /home/sven/Repos/dali_usb_lpc1114/tests/scripts/connection/serial.py
            path: /home/sven/Repos/dali_usb_lpc1114/tests/scripts/connection/serial.py
        finish pytest_collect_file --> [] [hook]
        pytest_ignore_collect [hook]
            config: <_pytest.config.Config object at 0x7fc99f29c1c0>
            collection_path: /home/sven/Repos/dali_usb_lpc1114/tests/scripts/connection/status.py
            path: /home/sven/Repos/dali_usb_lpc1114/tests/scripts/connection/status.py
        finish pytest_ignore_collect --> None [hook]
        pytest_collect_file [hook]
            parent: <Package connection>
            file_path: /home/sven/Repos/dali_usb_lpc1114/tests/scripts/connection/status.py
            path: /home/sven/Repos/dali_usb_lpc1114/tests/scripts/connection/status.py
        finish pytest_collect_file --> [] [hook]
      finish pytest_make_collect_report --> <CollectReport 'scripts/connection/__init__.py' lenresult=0 outcome='passed'> [hook]
      pytest_collectreport [hook]
          report: <CollectReport 'scripts/connection/__init__.py' lenresult=0 outcome='passed'>
      finish pytest_collectreport --> [] [hook]
      pytest_collection_modifyitems [hook]
          session: <Session tests exitstatus=<ExitCode.OK: 0> testsfailed=0 testscollected=0>
          config: <_pytest.config.Config object at 0x7fc99f29c1c0>
          items: [<Function test_version>, <Function test_8bit_loopback>, <Function test_16bit_pattern[0]>, <Function test_16bit_pattern[1]>, <Function test_16bit_pattern[2]>, <Function test_16bit_pattern[4]>, <Function test_16bit_pattern[8]>, <Function test_16bit_pattern[15]>, <Function test_16bit_pattern[16]>, <Function test_16bit_pattern[32]>, <Function test_16bit_pattern[64]>, <Function test_16bit_pattern[128]>, <Function test_16bit_pattern[240]>, <Function test_16bit_pattern[256]>, <Function test_16bit_pattern[512]>, <Function test_16bit_pattern[1024]>, <Function test_16bit_pattern[2048]>, <Function test_16bit_pattern[3840]>, <Function test_16bit_pattern[4096]>, <Function test_16bit_pattern[8192]>, <Function test_16bit_pattern[16384]>, <Function test_16bit_pattern[32768]>, <Function test_16bit_pattern[61440]>, <Function test_16bit_pattern[21845]>, <Function test_16bit_pattern[43690]>, <Function test_16bit_pattern[65535]>, <Function test_32bit_pattern[0]>, <Function test_32bit_pattern[1]>, <Function test_32bit_pattern[2]>, <Function test_32bit_pattern[4]>, <Function test_32bit_pattern[8]>, <Function test_32bit_pattern[15]>, <Function test_32bit_pattern[16]>, <Function test_32bit_pattern[32]>, <Function test_32bit_pattern[64]>, <Function test_32bit_pattern[128]>, <Function test_32bit_pattern[240]>, <Function test_32bit_pattern[256]>, <Function test_32bit_pattern[512]>, <Function test_32bit_pattern[1024]>, <Function test_32bit_pattern[2048]>, <Function test_32bit_pattern[3840]>, <Function test_32bit_pattern[4096]>, <Function test_32bit_pattern[8192]>, <Function test_32bit_pattern[16384]>, <Function test_32bit_pattern[32768]>, <Function test_32bit_pattern[61440]>, <Function test_32bit_pattern[65536]>, <Function test_32bit_pattern[131072]>, <Function test_32bit_pattern[262144]>, <Function test_32bit_pattern[524288]>, <Function test_32bit_pattern[1048576]>, <Function test_32bit_pattern[2097152]>, <Function test_32bit_pattern[4194304]>, <Function test_32bit_pattern[8388608]>, <Function test_32bit_pattern[15728640]>, <Function test_32bit_pattern[16777216]>, <Function test_32bit_pattern[33554432]>, <Function test_32bit_pattern[67108864]>, <Function test_32bit_pattern[134217728]>, <Function test_32bit_pattern[251658240]>, <Function test_32bit_pattern[268435456]>, <Function test_32bit_pattern[536870912]>, <Function test_32bit_pattern[1073741824]>, <Function test_32bit_pattern[2147483648]>, <Function test_32bit_pattern[4026531840]>, <Function test_32bit_pattern[1431655765]>, <Function test_32bit_pattern[2863311530]>, <Function test_32bit_pattern[268435455]>, <Function test_version>, <Function test_bad_parameter>, <Function test_legal_bittiming>, <Function test_more_legal_timings[1-0]>, <Function test_more_legal_timings[3-128]>, <Function test_more_legal_timings[5-192]>, <Function test_more_legal_timings[7-224]>, <Function test_more_legal_timings[9-240]>, <Function test_more_legal_timings[11-248]>, <Function test_more_legal_timings[13-252]>, <Function test_more_legal_timings[15-254]>, <Function test_startbit_lengths[200-4]>, <Function test_startbit_lengths[250-4]>, <Function test_startbit_lengths[300-4]>, <Function test_startbit_lengths[350-0]>, <Function test_startbit_lengths[400-0]>, <Function test_startbit_lengths[450-0]>, <Function test_startbit_lengths[500-0]>, <Function test_startbit_lengths[750-4]>, <Function test_startbit_lengths[1000-4]>, <Function test_startbit_lengths[1500-4]>, <Function test_startbit_lengths[2000-4]>, <Function test_startbit_lengths[2500-4]>, <Function test_startbit_lengths[4000-4]>, <Function test_startbit_lengths[10000-4]>, <Function test_startbit_lengths[20000-4]>, <Function test_startbit_lengths[50000-4]>, <Function test_startbit_lengths[100000-4]>, <Function test_startbit_lengths[500000-4]>, <Function test_system_failures[600000]>, <Function test_system_failures[800000]>, <Function test_system_failures[1000000]>, <Function test_settling_priority[T0 10 FF00\r-5500-65280]>, <Function test_settling_priority[T1 10 00FF\r-13500-255]>, <Function test_settling_priority[T2 10 FF00\r-14900-65280]>, <Function test_settling_priority[T3 10 00FF\r-16300-255]>, <Function test_settling_priority[T4 10 FF00\r-17900-65280]>, <Function test_settling_priority[T5 10 00FF\r-19500-255]>, <Function test_settling_priority[R0 1 10 FF00\r-5500-65280]>, <Function test_settling_priority[R1 1 10 00FF\r-13500-255]>, <Function test_settling_priority[R2 1 10 FF00\r-14900-65280]>, <Function test_settling_priority[R3 1 10 00FF\r-16300-255]>, <Function test_settling_priority[R4 1 10 FF00\r-17900-65280]>, <Function test_settling_priority[R5 1 10 00FF\r-19500-255]>, <Function test_repeat[0-4096]>, <Function test_repeat[1-4369]>, <Function test_repeat[2-8224]>, <Function test_repeat[3-13056]>, <Function test_repeat[4-16388]>, <Function test_repeat[8-32768]>, <Function test_repeat[16-61440]>, <Function test_repeat[32-4660]>, <Function test_repeat[64-24565]>, <Function test_repeat[127-4626]>, <Function test_repeat[255-65535]>]
        pytest_deselected [hook]
            items: [<Function test_version>, <Function test_8bit_loopback>, <Function test_16bit_pattern[0]>, <Function test_16bit_pattern[1]>, <Function test_16bit_pattern[2]>, <Function test_16bit_pattern[4]>, <Function test_16bit_pattern[8]>, <Function test_16bit_pattern[15]>, <Function test_16bit_pattern[16]>, <Function test_16bit_pattern[32]>, <Function test_16bit_pattern[64]>, <Function test_16bit_pattern[128]>, <Function test_16bit_pattern[240]>, <Function test_16bit_pattern[256]>, <Function test_16bit_pattern[512]>, <Function test_16bit_pattern[1024]>, <Function test_16bit_pattern[2048]>, <Function test_16bit_pattern[3840]>, <Function test_16bit_pattern[4096]>, <Function test_16bit_pattern[8192]>, <Function test_16bit_pattern[16384]>, <Function test_16bit_pattern[32768]>, <Function test_16bit_pattern[61440]>, <Function test_16bit_pattern[21845]>, <Function test_16bit_pattern[43690]>, <Function test_16bit_pattern[65535]>, <Function test_32bit_pattern[0]>, <Function test_32bit_pattern[1]>, <Function test_32bit_pattern[2]>, <Function test_32bit_pattern[4]>, <Function test_32bit_pattern[8]>, <Function test_32bit_pattern[15]>, <Function test_32bit_pattern[16]>, <Function test_32bit_pattern[32]>, <Function test_32bit_pattern[64]>, <Function test_32bit_pattern[128]>, <Function test_32bit_pattern[240]>, <Function test_32bit_pattern[256]>, <Function test_32bit_pattern[512]>, <Function test_32bit_pattern[1024]>, <Function test_32bit_pattern[2048]>, <Function test_32bit_pattern[3840]>, <Function test_32bit_pattern[4096]>, <Function test_32bit_pattern[8192]>, <Function test_32bit_pattern[16384]>, <Function test_32bit_pattern[32768]>, <Function test_32bit_pattern[61440]>, <Function test_32bit_pattern[65536]>, <Function test_32bit_pattern[131072]>, <Function test_32bit_pattern[262144]>, <Function test_32bit_pattern[524288]>, <Function test_32bit_pattern[1048576]>, <Function test_32bit_pattern[2097152]>, <Function test_32bit_pattern[4194304]>, <Function test_32bit_pattern[8388608]>, <Function test_32bit_pattern[15728640]>, <Function test_32bit_pattern[16777216]>, <Function test_32bit_pattern[33554432]>, <Function test_32bit_pattern[67108864]>, <Function test_32bit_pattern[134217728]>, <Function test_32bit_pattern[251658240]>, <Function test_32bit_pattern[268435456]>, <Function test_32bit_pattern[536870912]>, <Function test_32bit_pattern[1073741824]>, <Function test_32bit_pattern[2147483648]>, <Function test_32bit_pattern[4026531840]>, <Function test_32bit_pattern[1431655765]>, <Function test_32bit_pattern[2863311530]>, <Function test_32bit_pattern[268435455]>, <Function test_version>, <Function test_bad_parameter>, <Function test_legal_bittiming>, <Function test_startbit_lengths[200-4]>, <Function test_startbit_lengths[250-4]>, <Function test_startbit_lengths[300-4]>, <Function test_startbit_lengths[350-0]>, <Function test_startbit_lengths[400-0]>, <Function test_startbit_lengths[450-0]>, <Function test_startbit_lengths[500-0]>, <Function test_startbit_lengths[750-4]>, <Function test_startbit_lengths[1000-4]>, <Function test_startbit_lengths[1500-4]>, <Function test_startbit_lengths[2000-4]>, <Function test_startbit_lengths[2500-4]>, <Function test_startbit_lengths[4000-4]>, <Function test_startbit_lengths[10000-4]>, <Function test_startbit_lengths[20000-4]>, <Function test_startbit_lengths[50000-4]>, <Function test_startbit_lengths[100000-4]>, <Function test_startbit_lengths[500000-4]>, <Function test_system_failures[600000]>, <Function test_system_failures[800000]>, <Function test_system_failures[1000000]>, <Function test_settling_priority[T0 10 FF00\r-5500-65280]>, <Function test_settling_priority[T1 10 00FF\r-13500-255]>, <Function test_settling_priority[T2 10 FF00\r-14900-65280]>, <Function test_settling_priority[T3 10 00FF\r-16300-255]>, <Function test_settling_priority[T4 10 FF00\r-17900-65280]>, <Function test_settling_priority[T5 10 00FF\r-19500-255]>, <Function test_settling_priority[R0 1 10 FF00\r-5500-65280]>, <Function test_settling_priority[R1 1 10 00FF\r-13500-255]>, <Function test_settling_priority[R2 1 10 FF00\r-14900-65280]>, <Function test_settling_priority[R3 1 10 00FF\r-16300-255]>, <Function test_settling_priority[R4 1 10 FF00\r-17900-65280]>, <Function test_settling_priority[R5 1 10 00FF\r-19500-255]>, <Function test_repeat[0-4096]>, <Function test_repeat[1-4369]>, <Function test_repeat[2-8224]>, <Function test_repeat[3-13056]>, <Function test_repeat[4-16388]>, <Function test_repeat[8-32768]>, <Function test_repeat[16-61440]>, <Function test_repeat[32-4660]>, <Function test_repeat[64-24565]>, <Function test_repeat[127-4626]>, <Function test_repeat[255-65535]>]
        finish pytest_deselected --> [] [hook]
      finish pytest_collection_modifyitems --> [] [hook]
      pytest_collection_finish [hook]
          session: <Session tests exitstatus=<ExitCode.OK: 0> testsfailed=0 testscollected=0>
        pytest_report_collectionfinish [hook]
            config: <_pytest.config.Config object at 0x7fc99f29c1c0>
            items: [<Function test_more_legal_timings[1-0]>, <Function test_more_legal_timings[3-128]>, <Function test_more_legal_timings[5-192]>, <Function test_more_legal_timings[7-224]>, <Function test_more_legal_timings[9-240]>, <Function test_more_legal_timings[11-248]>, <Function test_more_legal_timings[13-252]>, <Function test_more_legal_timings[15-254]>]
            start_path: /home/sven/Repos/dali_usb_lpc1114/tests
            startdir: /home/sven/Repos/dali_usb_lpc1114/tests
        finish pytest_report_collectionfinish --> [] [hook]
      finish pytest_collection_finish --> [] [hook]
    finish pytest_collection --> None [hook]
    pytest_runtestloop [hook]
        session: <Session tests exitstatus=<ExitCode.OK: 0> testsfailed=0 testscollected=8>
      pytest_runtest_protocol [hook]
          item: <Function test_more_legal_timings[1-0]>
          nextitem: <Function test_more_legal_timings[3-128]>
        pytest_runtest_logstart [hook]
            nodeid: scripts/test_timing.py::test_more_legal_timings[1-0]
            location: ('scripts/test_timing.py', 41, 'test_more_legal_timings[1-0]')
        finish pytest_runtest_logstart --> [] [hook]
        pytest_runtest_setup [hook]
            item: <Function test_more_legal_timings[1-0]>
          pytest_fixture_setup [hook]
              fixturedef: <FixtureDef argname='dali_serial' scope='session' baseid='scripts'>
              request: <SubRequest 'dali_serial' for <Function test_more_legal_timings[1-0]>>
          finish pytest_fixture_setup --> <connection.serial.DaliSerial object at 0x7fc99f00b6a0> [hook]
          pytest_fixture_setup [hook]
              fixturedef: <FixtureDef argname='index' scope='function' baseid=''>
              request: <SubRequest 'index' for <Function test_more_legal_timings[1-0]>>
          finish pytest_fixture_setup --> 1 [hook]
          pytest_fixture_setup [hook]
              fixturedef: <FixtureDef argname='value' scope='function' baseid=''>
              request: <SubRequest 'value' for <Function test_more_legal_timings[1-0]>>
          finish pytest_fixture_setup --> 0 [hook]
        finish pytest_runtest_setup --> [] [hook]
        pytest_runtest_makereport [hook]
            item: <Function test_more_legal_timings[1-0]>
            call: <CallInfo when='setup' result: []>
        finish pytest_runtest_makereport --> <TestReport 'scripts/test_timing.py::test_more_legal_timings[1-0]' when='setup' outcome='passed'> [hook]
        pytest_runtest_logreport [hook]
            report: <TestReport 'scripts/test_timing.py::test_more_legal_timings[1-0]' when='setup' outcome='passed'>
          pytest_report_teststatus [hook]
              report: <TestReport 'scripts/test_timing.py::test_more_legal_timings[1-0]' when='setup' outcome='passed'>
              config: <_pytest.config.Config object at 0x7fc99f29c1c0>
          finish pytest_report_teststatus --> ('', '', '') [hook]
        finish pytest_runtest_logreport --> [] [hook]
        pytest_runtest_call [hook]
            item: <Function test_more_legal_timings[1-0]>
          pytest_pyfunc_call [hook]
              pyfuncitem: <Function test_more_legal_timings[1-0]>
          finish pytest_pyfunc_call --> True [hook]
        finish pytest_runtest_call --> [] [hook]
        pytest_runtest_makereport [hook]
            item: <Function test_more_legal_timings[1-0]>
            call: <CallInfo when='call' result: []>
        finish pytest_runtest_makereport --> <TestReport 'scripts/test_timing.py::test_more_legal_timings[1-0]' when='call' outcome='passed'> [hook]
        pytest_runtest_logreport [hook]
            report: <TestReport 'scripts/test_timing.py::test_more_legal_timings[1-0]' when='call' outcome='passed'>
          pytest_report_teststatus [hook]
              report: <TestReport 'scripts/test_timing.py::test_more_legal_timings[1-0]' when='call' outcome='passed'>
              config: <_pytest.config.Config object at 0x7fc99f29c1c0>
          finish pytest_report_teststatus --> ('passed', '.', 'PASSED') [hook]
        finish pytest_runtest_logreport --> [] [hook]
        pytest_runtest_teardown [hook]
            item: <Function test_more_legal_timings[1-0]>
            nextitem: <Function test_more_legal_timings[3-128]>
          pytest_fixture_post_finalizer [hook]
              fixturedef: <FixtureDef argname='value' scope='function' baseid=''>
              request: <SubRequest 'value' for <Function test_more_legal_timings[1-0]>>
          finish pytest_fixture_post_finalizer --> [] [hook]
          pytest_fixture_post_finalizer [hook]
              fixturedef: <FixtureDef argname='index' scope='function' baseid=''>
              request: <SubRequest 'index' for <Function test_more_legal_timings[1-0]>>
          finish pytest_fixture_post_finalizer --> [] [hook]
        finish pytest_runtest_teardown --> [] [hook]
        pytest_runtest_makereport [hook]
            item: <Function test_more_legal_timings[1-0]>
            call: <CallInfo when='teardown' result: []>
        finish pytest_runtest_makereport --> <TestReport 'scripts/test_timing.py::test_more_legal_timings[1-0]' when='teardown' outcome='passed'> [hook]
        pytest_runtest_logreport [hook]
            report: <TestReport 'scripts/test_timing.py::test_more_legal_timings[1-0]' when='teardown' outcome='passed'>
          pytest_report_teststatus [hook]
              report: <TestReport 'scripts/test_timing.py::test_more_legal_timings[1-0]' when='teardown' outcome='passed'>
              config: <_pytest.config.Config object at 0x7fc99f29c1c0>
          finish pytest_report_teststatus --> ('', '', '') [hook]
        finish pytest_runtest_logreport --> [] [hook]
        pytest_runtest_logfinish [hook]
            nodeid: scripts/test_timing.py::test_more_legal_timings[1-0]
            location: ('scripts/test_timing.py', 41, 'test_more_legal_timings[1-0]')
        finish pytest_runtest_logfinish --> [] [hook]
      finish pytest_runtest_protocol --> True [hook]
      pytest_runtest_protocol [hook]
          item: <Function test_more_legal_timings[3-128]>
          nextitem: <Function test_more_legal_timings[5-192]>
        pytest_runtest_logstart [hook]
            nodeid: scripts/test_timing.py::test_more_legal_timings[3-128]
            location: ('scripts/test_timing.py', 41, 'test_more_legal_timings[3-128]')
        finish pytest_runtest_logstart --> [] [hook]
        pytest_runtest_setup [hook]
            item: <Function test_more_legal_timings[3-128]>
          pytest_fixture_setup [hook]
              fixturedef: <FixtureDef argname='index' scope='function' baseid=''>
              request: <SubRequest 'index' for <Function test_more_legal_timings[3-128]>>
          finish pytest_fixture_setup --> 3 [hook]
          pytest_fixture_setup [hook]
              fixturedef: <FixtureDef argname='value' scope='function' baseid=''>
              request: <SubRequest 'value' for <Function test_more_legal_timings[3-128]>>
          finish pytest_fixture_setup --> 128 [hook]
        finish pytest_runtest_setup --> [] [hook]
        pytest_runtest_makereport [hook]
            item: <Function test_more_legal_timings[3-128]>
            call: <CallInfo when='setup' result: []>
        finish pytest_runtest_makereport --> <TestReport 'scripts/test_timing.py::test_more_legal_timings[3-128]' when='setup' outcome='passed'> [hook]
        pytest_runtest_logreport [hook]
            report: <TestReport 'scripts/test_timing.py::test_more_legal_timings[3-128]' when='setup' outcome='passed'>
          pytest_report_teststatus [hook]
              report: <TestReport 'scripts/test_timing.py::test_more_legal_timings[3-128]' when='setup' outcome='passed'>
              config: <_pytest.config.Config object at 0x7fc99f29c1c0>
          finish pytest_report_teststatus --> ('', '', '') [hook]
        finish pytest_runtest_logreport --> [] [hook]
        pytest_runtest_call [hook]
            item: <Function test_more_legal_timings[3-128]>
          pytest_pyfunc_call [hook]
              pyfuncitem: <Function test_more_legal_timings[3-128]>
        pytest_runtest_makereport [hook]
            item: <Function test_more_legal_timings[3-128]>
            call: <CallInfo when='call' excinfo=<ExceptionInfo TypeError("'NoneType' object is not subscriptable") tblen=27>>
        finish pytest_runtest_makereport --> <TestReport 'scripts/test_timing.py::test_more_legal_timings[3-128]' when='call' outcome='failed'> [hook]
        pytest_runtest_logreport [hook]
            report: <TestReport 'scripts/test_timing.py::test_more_legal_timings[3-128]' when='call' outcome='failed'>
          pytest_report_teststatus [hook]
              report: <TestReport 'scripts/test_timing.py::test_more_legal_timings[3-128]' when='call' outcome='failed'>
              config: <_pytest.config.Config object at 0x7fc99f29c1c0>
          finish pytest_report_teststatus --> ('failed', 'F', 'FAILED') [hook]
        finish pytest_runtest_logreport --> [] [hook]
        pytest_exception_interact [hook]
            node: <Function test_more_legal_timings[3-128]>
            call: <CallInfo when='call' excinfo=<ExceptionInfo TypeError("'NoneType' object is not subscriptable") tblen=3>>
            report: <TestReport 'scripts/test_timing.py::test_more_legal_timings[3-128]' when='call' outcome='failed'>
        finish pytest_exception_interact --> [] [hook]
        pytest_runtest_teardown [hook]
            item: <Function test_more_legal_timings[3-128]>
            nextitem: <Function test_more_legal_timings[5-192]>
          pytest_fixture_post_finalizer [hook]
              fixturedef: <FixtureDef argname='value' scope='function' baseid=''>
              request: <SubRequest 'value' for <Function test_more_legal_timings[3-128]>>
          finish pytest_fixture_post_finalizer --> [] [hook]
          pytest_fixture_post_finalizer [hook]
              fixturedef: <FixtureDef argname='index' scope='function' baseid=''>
              request: <SubRequest 'index' for <Function test_more_legal_timings[3-128]>>
          finish pytest_fixture_post_finalizer --> [] [hook]
        finish pytest_runtest_teardown --> [] [hook]
        pytest_runtest_makereport [hook]
            item: <Function test_more_legal_timings[3-128]>
            call: <CallInfo when='teardown' result: []>
        finish pytest_runtest_makereport --> <TestReport 'scripts/test_timing.py::test_more_legal_timings[3-128]' when='teardown' outcome='passed'> [hook]
        pytest_runtest_logreport [hook]
            report: <TestReport 'scripts/test_timing.py::test_more_legal_timings[3-128]' when='teardown' outcome='passed'>
          pytest_report_teststatus [hook]
              report: <TestReport 'scripts/test_timing.py::test_more_legal_timings[3-128]' when='teardown' outcome='passed'>
              config: <_pytest.config.Config object at 0x7fc99f29c1c0>
          finish pytest_report_teststatus --> ('', '', '') [hook]
        finish pytest_runtest_logreport --> [] [hook]
        pytest_runtest_logfinish [hook]
            nodeid: scripts/test_timing.py::test_more_legal_timings[3-128]
            location: ('scripts/test_timing.py', 41, 'test_more_legal_timings[3-128]')
        finish pytest_runtest_logfinish --> [] [hook]
        pytest_warning_recorded [hook]
            warning_message: {message : PytestUnhandledThreadExceptionWarning('Exception in thread Thread-1 (read_worker_thread)\n\nTraceback (most recent call last):\n  File "/usr/lib/python3.10/threading.py", line 1016, in _bootstrap_inner\n    self.run()\n  File "/usr/lib/python3.10/threading.py", line 953, in run\n    self._target(*self._args, **self._kwargs)\n  File "/home/sven/Repos/dali_usb_lpc1114/tests/scripts/connection/serial.py", line 42, in read_worker_thread\n    line = self.port.readline()\n  File "/home/sven/Repos/dali_usb_lpc1114/tests/venv/lib/python3.10/site-packages/serial/serialposix.py", line 595, in read\n    raise SerialException(\nserial.serialutil.SerialException: device reports readiness to read but returned no data (device disconnected or multiple access on port?)\n'), category : 'PytestUnhandledThreadExceptionWarning', filename : '/home/sven/Repos/dali_usb_lpc1114/tests/venv/lib/python3.10/site-packages/_pytest/threadexception.py', lineno : 73, line : None}
            nodeid: scripts/test_timing.py::test_more_legal_timings[3-128]
            when: runtest
            location: None
        finish pytest_warning_recorded --> [] [hook]
      finish pytest_runtest_protocol --> True [hook]
      pytest_runtest_protocol [hook]
          item: <Function test_more_legal_timings[5-192]>
          nextitem: <Function test_more_legal_timings[7-224]>
        pytest_runtest_logstart [hook]
            nodeid: scripts/test_timing.py::test_more_legal_timings[5-192]
            location: ('scripts/test_timing.py', 41, 'test_more_legal_timings[5-192]')
        finish pytest_runtest_logstart --> [] [hook]
        pytest_runtest_setup [hook]
            item: <Function test_more_legal_timings[5-192]>
          pytest_fixture_setup [hook]
              fixturedef: <FixtureDef argname='index' scope='function' baseid=''>
              request: <SubRequest 'index' for <Function test_more_legal_timings[5-192]>>
          finish pytest_fixture_setup --> 5 [hook]
          pytest_fixture_setup [hook]
              fixturedef: <FixtureDef argname='value' scope='function' baseid=''>
              request: <SubRequest 'value' for <Function test_more_legal_timings[5-192]>>
          finish pytest_fixture_setup --> 192 [hook]
        finish pytest_runtest_setup --> [] [hook]
        pytest_runtest_makereport [hook]
            item: <Function test_more_legal_timings[5-192]>
            call: <CallInfo when='setup' result: []>
        finish pytest_runtest_makereport --> <TestReport 'scripts/test_timing.py::test_more_legal_timings[5-192]' when='setup' outcome='passed'> [hook]
        pytest_runtest_logreport [hook]
            report: <TestReport 'scripts/test_timing.py::test_more_legal_timings[5-192]' when='setup' outcome='passed'>
          pytest_report_teststatus [hook]
              report: <TestReport 'scripts/test_timing.py::test_more_legal_timings[5-192]' when='setup' outcome='passed'>
              config: <_pytest.config.Config object at 0x7fc99f29c1c0>
          finish pytest_report_teststatus --> ('', '', '') [hook]
        finish pytest_runtest_logreport --> [] [hook]
        pytest_runtest_call [hook]
            item: <Function test_more_legal_timings[5-192]>
          pytest_pyfunc_call [hook]
              pyfuncitem: <Function test_more_legal_timings[5-192]>
        pytest_runtest_makereport [hook]
            item: <Function test_more_legal_timings[5-192]>
            call: <CallInfo when='call' excinfo=<ExceptionInfo TypeError("'NoneType' object is not subscriptable") tblen=27>>
        finish pytest_runtest_makereport --> <TestReport 'scripts/test_timing.py::test_more_legal_timings[5-192]' when='call' outcome='failed'> [hook]
        pytest_runtest_logreport [hook]
            report: <TestReport 'scripts/test_timing.py::test_more_legal_timings[5-192]' when='call' outcome='failed'>
          pytest_report_teststatus [hook]
              report: <TestReport 'scripts/test_timing.py::test_more_legal_timings[5-192]' when='call' outcome='failed'>
              config: <_pytest.config.Config object at 0x7fc99f29c1c0>
          finish pytest_report_teststatus --> ('failed', 'F', 'FAILED') [hook]
        finish pytest_runtest_logreport --> [] [hook]
        pytest_exception_interact [hook]
            node: <Function test_more_legal_timings[5-192]>
            call: <CallInfo when='call' excinfo=<ExceptionInfo TypeError("'NoneType' object is not subscriptable") tblen=3>>
            report: <TestReport 'scripts/test_timing.py::test_more_legal_timings[5-192]' when='call' outcome='failed'>
        finish pytest_exception_interact --> [] [hook]
        pytest_runtest_teardown [hook]
            item: <Function test_more_legal_timings[5-192]>
            nextitem: <Function test_more_legal_timings[7-224]>
          pytest_fixture_post_finalizer [hook]
              fixturedef: <FixtureDef argname='value' scope='function' baseid=''>
              request: <SubRequest 'value' for <Function test_more_legal_timings[5-192]>>
          finish pytest_fixture_post_finalizer --> [] [hook]
          pytest_fixture_post_finalizer [hook]
              fixturedef: <FixtureDef argname='index' scope='function' baseid=''>
              request: <SubRequest 'index' for <Function test_more_legal_timings[5-192]>>
          finish pytest_fixture_post_finalizer --> [] [hook]
        finish pytest_runtest_teardown --> [] [hook]
        pytest_runtest_makereport [hook]
            item: <Function test_more_legal_timings[5-192]>
            call: <CallInfo when='teardown' result: []>
        finish pytest_runtest_makereport --> <TestReport 'scripts/test_timing.py::test_more_legal_timings[5-192]' when='teardown' outcome='passed'> [hook]
        pytest_runtest_logreport [hook]
            report: <TestReport 'scripts/test_timing.py::test_more_legal_timings[5-192]' when='teardown' outcome='passed'>
          pytest_report_teststatus [hook]
              report: <TestReport 'scripts/test_timing.py::test_more_legal_timings[5-192]' when='teardown' outcome='passed'>
              config: <_pytest.config.Config object at 0x7fc99f29c1c0>
          finish pytest_report_teststatus --> ('', '', '') [hook]
        finish pytest_runtest_logreport --> [] [hook]
        pytest_runtest_logfinish [hook]
            nodeid: scripts/test_timing.py::test_more_legal_timings[5-192]
            location: ('scripts/test_timing.py', 41, 'test_more_legal_timings[5-192]')
        finish pytest_runtest_logfinish --> [] [hook]
      finish pytest_runtest_protocol --> True [hook]
      pytest_runtest_protocol [hook]
          item: <Function test_more_legal_timings[7-224]>
          nextitem: <Function test_more_legal_timings[9-240]>
        pytest_runtest_logstart [hook]
            nodeid: scripts/test_timing.py::test_more_legal_timings[7-224]
            location: ('scripts/test_timing.py', 41, 'test_more_legal_timings[7-224]')
        finish pytest_runtest_logstart --> [] [hook]
        pytest_runtest_setup [hook]
            item: <Function test_more_legal_timings[7-224]>
          pytest_fixture_setup [hook]
              fixturedef: <FixtureDef argname='index' scope='function' baseid=''>
              request: <SubRequest 'index' for <Function test_more_legal_timings[7-224]>>
          finish pytest_fixture_setup --> 7 [hook]
          pytest_fixture_setup [hook]
              fixturedef: <FixtureDef argname='value' scope='function' baseid=''>
              request: <SubRequest 'value' for <Function test_more_legal_timings[7-224]>>
          finish pytest_fixture_setup --> 224 [hook]
        finish pytest_runtest_setup --> [] [hook]
        pytest_runtest_makereport [hook]
            item: <Function test_more_legal_timings[7-224]>
            call: <CallInfo when='setup' result: []>
        finish pytest_runtest_makereport --> <TestReport 'scripts/test_timing.py::test_more_legal_timings[7-224]' when='setup' outcome='passed'> [hook]
        pytest_runtest_logreport [hook]
            report: <TestReport 'scripts/test_timing.py::test_more_legal_timings[7-224]' when='setup' outcome='passed'>
          pytest_report_teststatus [hook]
              report: <TestReport 'scripts/test_timing.py::test_more_legal_timings[7-224]' when='setup' outcome='passed'>
              config: <_pytest.config.Config object at 0x7fc99f29c1c0>
          finish pytest_report_teststatus --> ('', '', '') [hook]
        finish pytest_runtest_logreport --> [] [hook]
        pytest_runtest_call [hook]
            item: <Function test_more_legal_timings[7-224]>
          pytest_pyfunc_call [hook]
              pyfuncitem: <Function test_more_legal_timings[7-224]>
        pytest_runtest_makereport [hook]
            item: <Function test_more_legal_timings[7-224]>
            call: <CallInfo when='call' excinfo=<ExceptionInfo TypeError("'NoneType' object is not subscriptable") tblen=27>>
        finish pytest_runtest_makereport --> <TestReport 'scripts/test_timing.py::test_more_legal_timings[7-224]' when='call' outcome='failed'> [hook]
        pytest_runtest_logreport [hook]
            report: <TestReport 'scripts/test_timing.py::test_more_legal_timings[7-224]' when='call' outcome='failed'>
          pytest_report_teststatus [hook]
              report: <TestReport 'scripts/test_timing.py::test_more_legal_timings[7-224]' when='call' outcome='failed'>
              config: <_pytest.config.Config object at 0x7fc99f29c1c0>
          finish pytest_report_teststatus --> ('failed', 'F', 'FAILED') [hook]
        finish pytest_runtest_logreport --> [] [hook]
        pytest_exception_interact [hook]
            node: <Function test_more_legal_timings[7-224]>
            call: <CallInfo when='call' excinfo=<ExceptionInfo TypeError("'NoneType' object is not subscriptable") tblen=3>>
            report: <TestReport 'scripts/test_timing.py::test_more_legal_timings[7-224]' when='call' outcome='failed'>
        finish pytest_exception_interact --> [] [hook]
        pytest_runtest_teardown [hook]
            item: <Function test_more_legal_timings[7-224]>
            nextitem: <Function test_more_legal_timings[9-240]>
          pytest_fixture_post_finalizer [hook]
              fixturedef: <FixtureDef argname='value' scope='function' baseid=''>
              request: <SubRequest 'value' for <Function test_more_legal_timings[7-224]>>
          finish pytest_fixture_post_finalizer --> [] [hook]
          pytest_fixture_post_finalizer [hook]
              fixturedef: <FixtureDef argname='index' scope='function' baseid=''>
              request: <SubRequest 'index' for <Function test_more_legal_timings[7-224]>>
          finish pytest_fixture_post_finalizer --> [] [hook]
        finish pytest_runtest_teardown --> [] [hook]
        pytest_runtest_makereport [hook]
            item: <Function test_more_legal_timings[7-224]>
            call: <CallInfo when='teardown' result: []>
        finish pytest_runtest_makereport --> <TestReport 'scripts/test_timing.py::test_more_legal_timings[7-224]' when='teardown' outcome='passed'> [hook]
        pytest_runtest_logreport [hook]
            report: <TestReport 'scripts/test_timing.py::test_more_legal_timings[7-224]' when='teardown' outcome='passed'>
          pytest_report_teststatus [hook]
              report: <TestReport 'scripts/test_timing.py::test_more_legal_timings[7-224]' when='teardown' outcome='passed'>
              config: <_pytest.config.Config object at 0x7fc99f29c1c0>
          finish pytest_report_teststatus --> ('', '', '') [hook]
        finish pytest_runtest_logreport --> [] [hook]
        pytest_runtest_logfinish [hook]
            nodeid: scripts/test_timing.py::test_more_legal_timings[7-224]
            location: ('scripts/test_timing.py', 41, 'test_more_legal_timings[7-224]')
        finish pytest_runtest_logfinish --> [] [hook]
      finish pytest_runtest_protocol --> True [hook]
      pytest_runtest_protocol [hook]
          item: <Function test_more_legal_timings[9-240]>
          nextitem: <Function test_more_legal_timings[11-248]>
        pytest_runtest_logstart [hook]
            nodeid: scripts/test_timing.py::test_more_legal_timings[9-240]
            location: ('scripts/test_timing.py', 41, 'test_more_legal_timings[9-240]')
        finish pytest_runtest_logstart --> [] [hook]
        pytest_runtest_setup [hook]
            item: <Function test_more_legal_timings[9-240]>
          pytest_fixture_setup [hook]
              fixturedef: <FixtureDef argname='index' scope='function' baseid=''>
              request: <SubRequest 'index' for <Function test_more_legal_timings[9-240]>>
          finish pytest_fixture_setup --> 9 [hook]
          pytest_fixture_setup [hook]
              fixturedef: <FixtureDef argname='value' scope='function' baseid=''>
              request: <SubRequest 'value' for <Function test_more_legal_timings[9-240]>>
          finish pytest_fixture_setup --> 240 [hook]
        finish pytest_runtest_setup --> [] [hook]
        pytest_runtest_makereport [hook]
            item: <Function test_more_legal_timings[9-240]>
            call: <CallInfo when='setup' result: []>
        finish pytest_runtest_makereport --> <TestReport 'scripts/test_timing.py::test_more_legal_timings[9-240]' when='setup' outcome='passed'> [hook]
        pytest_runtest_logreport [hook]
            report: <TestReport 'scripts/test_timing.py::test_more_legal_timings[9-240]' when='setup' outcome='passed'>
          pytest_report_teststatus [hook]
              report: <TestReport 'scripts/test_timing.py::test_more_legal_timings[9-240]' when='setup' outcome='passed'>
              config: <_pytest.config.Config object at 0x7fc99f29c1c0>
          finish pytest_report_teststatus --> ('', '', '') [hook]
        finish pytest_runtest_logreport --> [] [hook]
        pytest_runtest_call [hook]
            item: <Function test_more_legal_timings[9-240]>
          pytest_pyfunc_call [hook]
              pyfuncitem: <Function test_more_legal_timings[9-240]>
        pytest_warning_recorded [hook]
            warning_message: {message : PytestUnhandledThreadExceptionWarning('Exception in thread Thread-5 (read_worker_thread)\n\nTraceback (most recent call last):\n  File "/usr/lib/python3.10/threading.py", line 1016, in _bootstrap_inner\n    self.run()\n  File "/usr/lib/python3.10/threading.py", line 953, in run\n    self._target(*self._args, **self._kwargs)\n  File "/home/sven/Repos/dali_usb_lpc1114/tests/scripts/connection/serial.py", line 47, in read_worker_thread\n    self.queue.put(self.parse(line))\n  File "/home/sven/Repos/dali_usb_lpc1114/tests/scripts/connection/serial.py", line 32, in parse\n    type_code = int(payload[8])\nIndexError: index out of range\n'), category : 'PytestUnhandledThreadExceptionWarning', filename : '/home/sven/Repos/dali_usb_lpc1114/tests/venv/lib/python3.10/site-packages/_pytest/threadexception.py', lineno : 73, line : None}
            nodeid: scripts/test_timing.py::test_more_legal_timings[9-240]
            when: runtest
            location: None
        finish pytest_warning_recorded --> [] [hook]
    pytest_keyboard_interrupt [hook]
        excinfo: <ExceptionInfo KeyboardInterrupt() tblen=53>
    finish pytest_keyboard_interrupt --> [] [hook]
    pytest_sessionfinish [hook]
        session: <Session tests exitstatus=<ExitCode.INTERRUPTED: 2> testsfailed=3 testscollected=8>
        exitstatus: 2
      pytest_fixture_post_finalizer [hook]
          fixturedef: <FixtureDef argname='value' scope='function' baseid=''>
          request: <SubRequest 'value' for <Function test_more_legal_timings[9-240]>>
      finish pytest_fixture_post_finalizer --> [] [hook]
      pytest_fixture_post_finalizer [hook]
          fixturedef: <FixtureDef argname='index' scope='function' baseid=''>
          request: <SubRequest 'index' for <Function test_more_legal_timings[9-240]>>
      finish pytest_fixture_post_finalizer --> [] [hook]
      pytest_fixture_post_finalizer [hook]
          fixturedef: <FixtureDef argname='dali_serial' scope='session' baseid='scripts'>
          request: <SubRequest 'dali_serial' for <Function test_more_legal_timings[9-240]>>
      finish pytest_fixture_post_finalizer --> [] [hook]
      pytest_fixture_post_finalizer [hook]
          fixturedef: <FixtureDef argname='dali_serial' scope='session' baseid='scripts'>
          request: <SubRequest 'dali_serial' for <Function test_more_legal_timings[7-224]>>
      finish pytest_fixture_post_finalizer --> [] [hook]
      pytest_fixture_post_finalizer [hook]
          fixturedef: <FixtureDef argname='dali_serial' scope='session' baseid='scripts'>
          request: <SubRequest 'dali_serial' for <Function test_more_legal_timings[5-192]>>
      finish pytest_fixture_post_finalizer --> [] [hook]
      pytest_fixture_post_finalizer [hook]
          fixturedef: <FixtureDef argname='dali_serial' scope='session' baseid='scripts'>
          request: <SubRequest 'dali_serial' for <Function test_more_legal_timings[3-128]>>
      finish pytest_fixture_post_finalizer --> [] [hook]
      pytest_fixture_post_finalizer [hook]
          fixturedef: <FixtureDef argname='dali_serial' scope='session' baseid='scripts'>
          request: <SubRequest 'dali_serial' for <Function test_more_legal_timings[1-0]>>
      finish pytest_fixture_post_finalizer --> [] [hook]
      pytest_terminal_summary [hook]
          terminalreporter: <_pytest.terminal.TerminalReporter object at 0x7fc99f182650>
          exitstatus: 2
          config: <_pytest.config.Config object at 0x7fc99f29c1c0>
      early skip of rewriting module: pygments [assertion]
      early skip of rewriting module: pygments [assertion]
      early skip of rewriting module: pygments [assertion]
      early skip of rewriting module: pygments [assertion]
      early skip of rewriting module: pygments [assertion]
      early skip of rewriting module: pygments [assertion]
      early skip of rewriting module: pygments [assertion]
      early skip of rewriting module: pygments [assertion]
      early skip of rewriting module: pygments [assertion]
        pytest_report_teststatus [hook]
            report: <TestReport 'scripts/test_timing.py::test_more_legal_timings[3-128]' when='call' outcome='failed'>
            config: <_pytest.config.Config object at 0x7fc99f29c1c0>
        finish pytest_report_teststatus --> ('failed', 'F', 'FAILED') [hook]
        pytest_report_teststatus [hook]
            report: <TestReport 'scripts/test_timing.py::test_more_legal_timings[5-192]' when='call' outcome='failed'>
            config: <_pytest.config.Config object at 0x7fc99f29c1c0>
        finish pytest_report_teststatus --> ('failed', 'F', 'FAILED') [hook]
        pytest_report_teststatus [hook]
            report: <TestReport 'scripts/test_timing.py::test_more_legal_timings[7-224]' when='call' outcome='failed'>
            config: <_pytest.config.Config object at 0x7fc99f29c1c0>
        finish pytest_report_teststatus --> ('failed', 'F', 'FAILED') [hook]
      finish pytest_terminal_summary --> [] [hook]
    finish pytest_sessionfinish --> [] [hook]
    pytest_unconfigure [hook]
        config: <_pytest.config.Config object at 0x7fc99f29c1c0>
    finish pytest_unconfigure --> [] [hook]
